{"/home/travis/build/npmtest/node-npmtest-template/test.js":{"path":"/home/travis/build/npmtest/node-npmtest-template/test.js","s":{"1":2,"2":2,"3":2,"4":2,"5":2,"6":2,"7":2,"8":1,"9":2,"10":2,"11":1,"12":1,"13":1,"14":1,"15":2,"16":2,"17":2,"18":2,"19":1,"20":1,"21":2,"22":2,"23":2,"24":1,"25":1,"26":1,"27":1,"28":1,"29":1,"30":1,"31":1,"32":1,"33":1,"34":1,"35":1,"36":1,"37":1,"38":1,"39":2,"40":2,"41":1,"42":2,"43":2,"44":1,"45":2,"46":2,"47":1,"48":2,"49":2,"50":1,"51":1,"52":1,"53":1,"54":1},"b":{"1":[2,1,1,1],"2":[1,1,1,1],"3":[1,1],"4":[1,1],"5":[1,1],"6":[1,1],"7":[1,1],"8":[1,1],"9":[1,1],"10":[1,1,1],"11":[1,1],"12":[1,1],"13":[1,1],"14":[1,1],"15":[1,1],"16":[1,1],"17":[1,1]},"f":{"1":2,"2":2,"3":2,"4":2,"5":2,"6":1,"7":1,"8":1,"9":2,"10":2,"11":2,"12":2,"13":1},"fnMap":{"1":{"name":"(anonymous_1)","line":12,"loc":{"start":{"line":12,"column":1},"end":{"line":12,"column":13}}},"2":{"name":"(anonymous_2)","line":19,"loc":{"start":{"line":19,"column":5},"end":{"line":19,"column":17}}},"3":{"name":"(anonymous_3)","line":23,"loc":{"start":{"line":23,"column":24},"end":{"line":23,"column":36}}},"4":{"name":"(anonymous_4)","line":61,"loc":{"start":{"line":61,"column":5},"end":{"line":61,"column":17}}},"5":{"name":"(anonymous_5)","line":82,"loc":{"start":{"line":82,"column":5},"end":{"line":82,"column":17}}},"6":{"name":"(anonymous_6)","line":91,"loc":{"start":{"line":91,"column":77},"end":{"line":94,"column":10}}},"7":{"name":"(anonymous_7)","line":112,"loc":{"start":{"line":112,"column":83},"end":{"line":115,"column":10}},"skip":true},"8":{"name":"(anonymous_8)","line":123,"loc":{"start":{"line":123,"column":77},"end":{"line":126,"column":10}},"skip":true},"9":{"name":"(anonymous_9)","line":139,"loc":{"start":{"line":139,"column":12},"end":{"line":139,"column":40}},"skip":true},"10":{"name":"(anonymous_10)","line":147,"loc":{"start":{"line":147,"column":77},"end":{"line":150,"column":10}},"skip":true},"11":{"name":"(anonymous_11)","line":158,"loc":{"start":{"line":158,"column":83},"end":{"line":161,"column":10}},"skip":true},"12":{"name":"(anonymous_12)","line":169,"loc":{"start":{"line":169,"column":79},"end":{"line":172,"column":10}},"skip":true},"13":{"name":"(anonymous_13)","line":180,"loc":{"start":{"line":180,"column":75},"end":{"line":183,"column":10}},"skip":true}},"statementMap":{"1":{"start":{"line":12,"column":0},"end":{"line":195,"column":5}},"2":{"start":{"line":14,"column":4},"end":{"line":14,"column":14}},"3":{"start":{"line":19,"column":4},"end":{"line":56,"column":9}},"4":{"start":{"line":21,"column":8},"end":{"line":21,"column":19}},"5":{"start":{"line":23,"column":8},"end":{"line":35,"column":13}},"6":{"start":{"line":24,"column":12},"end":{"line":34,"column":13}},"7":{"start":{"line":25,"column":16},"end":{"line":28,"column":30}},"8":{"start":{"line":30,"column":16},"end":{"line":33,"column":27}},"9":{"start":{"line":37,"column":8},"end":{"line":39,"column":21}},"10":{"start":{"line":40,"column":8},"end":{"line":53,"column":9}},"11":{"start":{"line":43,"column":12},"end":{"line":46,"column":14}},"12":{"start":{"line":47,"column":12},"end":{"line":47,"column":18}},"13":{"start":{"line":50,"column":12},"end":{"line":51,"column":33}},"14":{"start":{"line":52,"column":12},"end":{"line":52,"column":18}},"15":{"start":{"line":55,"column":8},"end":{"line":55,"column":35}},"16":{"start":{"line":61,"column":4},"end":{"line":63,"column":9}},"17":{"start":{"line":62,"column":8},"end":{"line":62,"column":15}},"18":{"start":{"line":64,"column":4},"end":{"line":77,"column":5}},"19":{"start":{"line":70,"column":8},"end":{"line":70,"column":14}},"20":{"start":{"line":76,"column":8},"end":{"line":76,"column":14}},"21":{"start":{"line":82,"column":4},"end":{"line":84,"column":9}},"22":{"start":{"line":83,"column":8},"end":{"line":83,"column":15}},"23":{"start":{"line":85,"column":4},"end":{"line":194,"column":5}},"24":{"start":{"line":91,"column":8},"end":{"line":99,"column":10}},"25":{"start":{"line":98,"column":12},"end":{"line":98,"column":35}},"26":{"start":{"line":102,"column":8},"end":{"line":104,"column":63}},"27":{"start":{"line":105,"column":8},"end":{"line":105,"column":14}},"28":{"start":{"line":112,"column":8},"end":{"line":121,"column":10},"skip":true},"29":{"start":{"line":119,"column":12},"end":{"line":119,"column":55},"skip":true},"30":{"start":{"line":120,"column":12},"end":{"line":120,"column":48},"skip":true},"31":{"start":{"line":123,"column":8},"end":{"line":136,"column":10},"skip":true},"32":{"start":{"line":130,"column":12},"end":{"line":130,"column":76},"skip":true},"33":{"start":{"line":131,"column":12},"end":{"line":131,"column":73},"skip":true},"34":{"start":{"line":132,"column":12},"end":{"line":132,"column":74},"skip":true},"35":{"start":{"line":133,"column":12},"end":{"line":133,"column":79},"skip":true},"36":{"start":{"line":134,"column":12},"end":{"line":134,"column":25},"skip":true},"37":{"start":{"line":135,"column":12},"end":{"line":135,"column":45},"skip":true},"38":{"start":{"line":138,"column":8},"end":{"line":145,"column":14},"skip":true},"39":{"start":{"line":143,"column":16},"end":{"line":143,"column":29},"skip":true},"40":{"start":{"line":144,"column":16},"end":{"line":144,"column":55},"skip":true},"41":{"start":{"line":147,"column":8},"end":{"line":156,"column":10},"skip":true},"42":{"start":{"line":154,"column":12},"end":{"line":154,"column":25},"skip":true},"43":{"start":{"line":155,"column":12},"end":{"line":155,"column":45},"skip":true},"44":{"start":{"line":158,"column":8},"end":{"line":167,"column":10},"skip":true},"45":{"start":{"line":165,"column":12},"end":{"line":165,"column":25},"skip":true},"46":{"start":{"line":166,"column":12},"end":{"line":166,"column":48},"skip":true},"47":{"start":{"line":169,"column":8},"end":{"line":178,"column":10},"skip":true},"48":{"start":{"line":176,"column":12},"end":{"line":176,"column":25},"skip":true},"49":{"start":{"line":177,"column":12},"end":{"line":177,"column":46},"skip":true},"50":{"start":{"line":180,"column":8},"end":{"line":189,"column":10},"skip":true},"51":{"start":{"line":187,"column":12},"end":{"line":187,"column":94},"skip":true},"52":{"start":{"line":188,"column":12},"end":{"line":188,"column":48},"skip":true},"53":{"start":{"line":192,"column":8},"end":{"line":192,"column":35},"skip":true},"54":{"start":{"line":193,"column":8},"end":{"line":193,"column":14},"skip":true}},"branchMap":{"1":{"line":25,"type":"binary-expr","locations":[{"start":{"line":25,"column":23},"end":{"line":25,"column":62}},{"start":{"line":26,"column":20},"end":{"line":26,"column":70}},{"start":{"line":27,"column":20},"end":{"line":27,"column":71}},{"start":{"line":28,"column":20},"end":{"line":28,"column":29}}]},"2":{"line":30,"type":"binary-expr","locations":[{"start":{"line":30,"column":23},"end":{"line":30,"column":37}},{"start":{"line":31,"column":20},"end":{"line":31,"column":61}},{"start":{"line":32,"column":20},"end":{"line":32,"column":70}},{"start":{"line":33,"column":20},"end":{"line":33,"column":26}}]},"3":{"line":37,"type":"cond-expr","locations":[{"start":{"line":38,"column":14},"end":{"line":38,"column":20}},{"start":{"line":39,"column":14},"end":{"line":39,"column":20}}]},"4":{"line":40,"type":"switch","locations":[{"start":{"line":42,"column":8},"end":{"line":47,"column":18}},{"start":{"line":49,"column":8},"end":{"line":52,"column":18}}]},"5":{"line":44,"type":"binary-expr","locations":[{"start":{"line":44,"column":16},"end":{"line":44,"column":44}},{"start":{"line":44,"column":48},"end":{"line":44,"column":66}}]},"6":{"line":50,"type":"binary-expr","locations":[{"start":{"line":50,"column":21},"end":{"line":50,"column":49}},{"start":{"line":50,"column":53},"end":{"line":50,"column":72}}]},"7":{"line":64,"type":"switch","locations":[{"start":{"line":69,"column":4},"end":{"line":70,"column":14}},{"start":{"line":75,"column":4},"end":{"line":76,"column":14}}]},"8":{"line":85,"type":"switch","locations":[{"start":{"line":90,"column":4},"end":{"line":105,"column":14}},{"start":{"line":111,"column":4},"end":{"line":193,"column":14},"skip":true}]},"9":{"line":91,"type":"binary-expr","locations":[{"start":{"line":91,"column":42},"end":{"line":91,"column":73}},{"start":{"line":91,"column":77},"end":{"line":99,"column":9}}]},"10":{"line":102,"type":"binary-expr","locations":[{"start":{"line":102,"column":18},"end":{"line":102,"column":32}},{"start":{"line":103,"column":12},"end":{"line":103,"column":53}},{"start":{"line":104,"column":12},"end":{"line":104,"column":61}}]},"11":{"line":112,"type":"binary-expr","locations":[{"start":{"line":112,"column":45},"end":{"line":112,"column":79},"skip":true},{"start":{"line":112,"column":83},"end":{"line":121,"column":9},"skip":true}]},"12":{"line":123,"type":"binary-expr","locations":[{"start":{"line":123,"column":42},"end":{"line":123,"column":73},"skip":true},{"start":{"line":123,"column":77},"end":{"line":136,"column":9},"skip":true}]},"13":{"line":138,"type":"binary-expr","locations":[{"start":{"line":138,"column":48},"end":{"line":138,"column":85},"skip":true},{"start":{"line":139,"column":12},"end":{"line":145,"column":13},"skip":true}]},"14":{"line":147,"type":"binary-expr","locations":[{"start":{"line":147,"column":42},"end":{"line":147,"column":73},"skip":true},{"start":{"line":147,"column":77},"end":{"line":156,"column":9},"skip":true}]},"15":{"line":158,"type":"binary-expr","locations":[{"start":{"line":158,"column":45},"end":{"line":158,"column":79},"skip":true},{"start":{"line":158,"column":83},"end":{"line":167,"column":9},"skip":true}]},"16":{"line":169,"type":"binary-expr","locations":[{"start":{"line":169,"column":43},"end":{"line":169,"column":75},"skip":true},{"start":{"line":169,"column":79},"end":{"line":178,"column":9},"skip":true}]},"17":{"line":180,"type":"binary-expr","locations":[{"start":{"line":180,"column":41},"end":{"line":180,"column":71},"skip":true},{"start":{"line":180,"column":75},"end":{"line":189,"column":9},"skip":true}]}},"code":["/* istanbul instrument in package npmtest_template */","/*jslint","    bitwise: true,","    browser: true,","    maxerr: 8,","    maxlen: 96,","    node: true,","    nomen: true,","    regexp: true,","    stupid: true","*/","(function () {","    'use strict';","    var local;","","","","    // run shared js-env code - init-before","    (function () {","        // init local","        local = {};","        // init modeJs","        local.modeJs = (function () {","            try {","                return typeof navigator.userAgent === 'string' &&","                    typeof document.querySelector('body') === 'object' &&","                    typeof XMLHttpRequest.prototype.open === 'function' &&","                    'browser';","            } catch (errorCaughtBrowser) {","                return module.exports &&","                    typeof process.versions.node === 'string' &&","                    typeof require('http').createServer === 'function' &&","                    'node';","            }","        }());","        // init global","        local.global = local.modeJs === 'browser'","            ? window","            : global;","        switch (local.modeJs) {","        // re-init local from window.local","        case 'browser':","            local = local.global.utility2.objectSetDefault(","                local.global.utility2_rollup || local.global.local,","                local.global.utility2","            );","            break;","        // re-init local from example.js","        case 'node':","            local = (local.global.utility2_rollup || require('utility2'))","                .requireReadme();","            break;","        }","        // export local","        local.global.local = local;","    }());","","","","    // run shared js-env code - function","    (function () {","        return;","    }());","    switch (local.modeJs) {","","","","    // run browser js-env code - function","    case 'browser':","        break;","","","","    // run node js-env code - function","    case 'node':","        break;","    }","","","","    // run shared js-env code - init-after","    (function () {","        return;","    }());","    switch (local.modeJs) {","","","","    // run browser js-env code - init-after","    case 'browser':","        local.testCase_browser_nullCase = local.testCase_browser_nullCase || function (","            options,","            onError","        ) {","        /*","         * this function will test browsers's null-case handling-behavior-behavior","         */","            onError(null, options);","        };","","        // run tests","        local.nop(local.modeTest &&","            document.querySelector('#testRunButton1') &&","            document.querySelector('#testRunButton1').click());","        break;","","","","    // run node js-env code - init-after","    /* istanbul ignore next */","    case 'node':","        local.testCase_buildApidoc_default = local.testCase_buildApidoc_default || function (","            options,","            onError","        ) {","        /*","         * this function will test buildApidoc's default handling-behavior-behavior","         */","            options = { modulePathList: module.paths };","            local.buildApidoc(options, onError);","        };","","        local.testCase_buildApp_default = local.testCase_buildApp_default || function (","            options,","            onError","        ) {","        /*","         * this function will test buildApp's default handling-behavior-behavior","         */","            local.testCase_buildReadme_default(options, local.onErrorThrow);","            local.testCase_buildLib_default(options, local.onErrorThrow);","            local.testCase_buildTest_default(options, local.onErrorThrow);","            local.testCase_buildCustomOrg_default(options, local.onErrorThrow);","            options = [];","            local.buildApp(options, onError);","        };","","        local.testCase_buildCustomOrg_default = local.testCase_buildCustomOrg_default ||","            function (options, onError) {","            /*","             * this function will test buildCustomOrg's default handling-behavior","             */","                options = {};","                local.buildCustomOrg(options, onError);","            };","","        local.testCase_buildLib_default = local.testCase_buildLib_default || function (","            options,","            onError","        ) {","        /*","         * this function will test buildLib's default handling-behavior","         */","            options = {};","            local.buildLib(options, onError);","        };","","        local.testCase_buildReadme_default = local.testCase_buildReadme_default || function (","            options,","            onError","        ) {","        /*","         * this function will test buildReadme's default handling-behavior-behavior","         */","            options = {};","            local.buildReadme(options, onError);","        };","","        local.testCase_buildTest_default = local.testCase_buildTest_default || function (","            options,","            onError","        ) {","        /*","         * this function will test buildTest's default handling-behavior","         */","            options = {};","            local.buildTest(options, onError);","        };","","        local.testCase_webpage_default = local.testCase_webpage_default || function (","            options,","            onError","        ) {","        /*","         * this function will test webpage's default handling-behavior","         */","            options = { modeCoverageMerge: true, url: local.serverLocalHost + '?modeTest=1' };","            local.browserTest(options, onError);","        };","","        // run test-server","        local.testRunServer(local);","        break;","    }","}());",""],"l":{"12":2,"14":2,"19":2,"21":2,"23":2,"24":2,"25":2,"30":1,"37":2,"40":2,"43":1,"47":1,"50":1,"52":1,"55":2,"61":2,"62":2,"64":2,"70":1,"76":1,"82":2,"83":2,"85":2,"91":1,"98":1,"102":1,"105":1,"112":1,"119":1,"120":1,"123":1,"130":1,"131":1,"132":1,"133":1,"134":1,"135":1,"138":1,"143":2,"144":2,"147":1,"154":2,"155":2,"158":1,"165":2,"166":2,"169":1,"176":2,"177":2,"180":1,"187":1,"188":1,"192":1,"193":1}},"/home/travis/build/npmtest/node-npmtest-template/lib.npmtest_template.js":{"path":"/home/travis/build/npmtest/node-npmtest-template/lib.npmtest_template.js","s":{"1":2,"2":2,"3":2,"4":2,"5":2,"6":2,"7":2,"8":1,"9":2,"10":2,"11":2,"12":2,"13":1,"14":1,"15":1,"16":1},"b":{"1":[2,1,1,1],"2":[1,1,1,1],"3":[1,1],"4":[2,2],"5":[1,1]},"f":{"1":2,"2":2,"3":2},"fnMap":{"1":{"name":"(anonymous_1)","line":12,"loc":{"start":{"line":12,"column":1},"end":{"line":12,"column":13}}},"2":{"name":"(anonymous_2)","line":19,"loc":{"start":{"line":19,"column":5},"end":{"line":19,"column":17}}},"3":{"name":"(anonymous_3)","line":23,"loc":{"start":{"line":23,"column":24},"end":{"line":23,"column":36}}}},"statementMap":{"1":{"start":{"line":12,"column":0},"end":{"line":53,"column":5}},"2":{"start":{"line":14,"column":4},"end":{"line":14,"column":14}},"3":{"start":{"line":19,"column":4},"end":{"line":52,"column":9}},"4":{"start":{"line":21,"column":8},"end":{"line":21,"column":19}},"5":{"start":{"line":23,"column":8},"end":{"line":35,"column":13}},"6":{"start":{"line":24,"column":12},"end":{"line":34,"column":13}},"7":{"start":{"line":25,"column":16},"end":{"line":28,"column":30}},"8":{"start":{"line":30,"column":16},"end":{"line":33,"column":27}},"9":{"start":{"line":37,"column":8},"end":{"line":39,"column":21}},"10":{"start":{"line":41,"column":8},"end":{"line":41,"column":54}},"11":{"start":{"line":43,"column":8},"end":{"line":43,"column":53}},"12":{"start":{"line":45,"column":8},"end":{"line":51,"column":9}},"13":{"start":{"line":46,"column":12},"end":{"line":46,"column":59}},"14":{"start":{"line":48,"column":12},"end":{"line":48,"column":35}},"15":{"start":{"line":49,"column":12},"end":{"line":49,"column":49}},"16":{"start":{"line":50,"column":12},"end":{"line":50,"column":43}}},"branchMap":{"1":{"line":25,"type":"binary-expr","locations":[{"start":{"line":25,"column":23},"end":{"line":25,"column":62}},{"start":{"line":26,"column":20},"end":{"line":26,"column":70}},{"start":{"line":27,"column":20},"end":{"line":27,"column":71}},{"start":{"line":28,"column":20},"end":{"line":28,"column":29}}]},"2":{"line":30,"type":"binary-expr","locations":[{"start":{"line":30,"column":23},"end":{"line":30,"column":37}},{"start":{"line":31,"column":20},"end":{"line":31,"column":61}},{"start":{"line":32,"column":20},"end":{"line":32,"column":70}},{"start":{"line":33,"column":20},"end":{"line":33,"column":26}}]},"3":{"line":37,"type":"cond-expr","locations":[{"start":{"line":38,"column":14},"end":{"line":38,"column":20}},{"start":{"line":39,"column":14},"end":{"line":39,"column":20}}]},"4":{"line":41,"type":"binary-expr","locations":[{"start":{"line":41,"column":16},"end":{"line":41,"column":44}},{"start":{"line":41,"column":48},"end":{"line":41,"column":53}}]},"5":{"line":45,"type":"if","locations":[{"start":{"line":45,"column":8},"end":{"line":45,"column":8}},{"start":{"line":45,"column":8},"end":{"line":45,"column":8}}]}},"code":["/* istanbul instrument in package npmtest_template */","/*jslint","    bitwise: true,","    browser: true,","    maxerr: 8,","    maxlen: 96,","    node: true,","    nomen: true,","    regexp: true,","    stupid: true","*/","(function () {","    'use strict';","    var local;","","","","    // run shared js-env code - init-before","    (function () {","        // init local","        local = {};","        // init modeJs","        local.modeJs = (function () {","            try {","                return typeof navigator.userAgent === 'string' &&","                    typeof document.querySelector('body') === 'object' &&","                    typeof XMLHttpRequest.prototype.open === 'function' &&","                    'browser';","            } catch (errorCaughtBrowser) {","                return module.exports &&","                    typeof process.versions.node === 'string' &&","                    typeof require('http').createServer === 'function' &&","                    'node';","            }","        }());","        // init global","        local.global = local.modeJs === 'browser'","            ? window","            : global;","        // init utility2_rollup","        local = local.global.utility2_rollup || local;","        // init lib","        local.local = local.npmtest_template = local;","        // init exports","        if (local.modeJs === 'browser') {","            local.global.utility2_npmtest_template = local;","        } else {","            module.exports = local;","            module.exports.__dirname = __dirname;","            module.exports.module = module;","        }","    }());","}());",""],"l":{"12":2,"14":2,"19":2,"21":2,"23":2,"24":2,"25":2,"30":1,"37":2,"41":2,"43":2,"45":2,"46":1,"48":1,"49":1,"50":1}},"/home/travis/build/npmtest/node-npmtest-template/example.js":{"path":"/home/travis/build/npmtest/node-npmtest-template/example.js","s":{"1":2,"2":2,"3":2,"4":2,"5":2,"6":2,"7":2,"8":1,"9":2,"10":2,"11":2,"12":2,"13":1,"14":2,"15":2,"16":2,"17":2,"18":2,"19":0,"20":2,"21":1,"22":1,"23":1,"24":1,"25":1,"26":0,"27":0,"28":1,"29":1,"30":2,"31":0,"32":0,"33":0,"34":1,"35":2,"36":2,"37":3,"38":3,"39":3,"40":3,"41":0,"42":3,"43":3,"44":3,"45":1,"46":3,"47":1,"48":1,"49":1,"50":1,"51":1,"52":1,"53":1,"54":1,"55":1,"56":1,"57":0,"58":1,"59":6,"60":6,"61":1,"62":2,"63":0,"64":2,"65":1,"66":1,"67":0,"68":0,"69":0,"70":0,"71":0,"72":0,"73":0,"74":0,"75":0,"76":0,"77":0,"78":0,"79":0,"80":0,"81":0,"82":0,"83":0},"b":{"1":[2,1,1,1],"2":[1,1,1,1],"3":[1,1],"4":[2,2],"5":[1,1],"6":[1,1],"7":[2,0],"8":[2,1,1,1,1,1],"9":[0,2,0],"10":[1,1],"11":[2,1,1],"12":[1,0],"13":[0,2],"14":[2,0,0,0,0,0,0],"15":[0,3],"16":[3,0],"17":[1,1],"18":[0,1],"19":[1,2,0,2],"20":[1,0],"21":[1,1],"22":[0,0],"23":[0,0],"24":[0,0],"25":[0,0],"26":[0,0],"27":[0,0],"28":[0,0]},"f":{"1":2,"2":2,"3":2,"4":2,"5":2,"6":2,"7":3,"8":3,"9":3,"10":1,"11":6,"12":0},"fnMap":{"1":{"name":"(anonymous_1)","line":26,"loc":{"start":{"line":26,"column":1},"end":{"line":26,"column":13}}},"2":{"name":"(anonymous_2)","line":33,"loc":{"start":{"line":33,"column":5},"end":{"line":33,"column":17}}},"3":{"name":"(anonymous_3)","line":37,"loc":{"start":{"line":37,"column":24},"end":{"line":37,"column":36}}},"4":{"name":"(anonymous_4)","line":69,"loc":{"start":{"line":69,"column":31},"end":{"line":69,"column":48}},"skip":true},"5":{"name":"(anonymous_5)","line":78,"loc":{"start":{"line":78,"column":26},"end":{"line":78,"column":45}},"skip":true},"6":{"name":"(anonymous_6)","line":123,"loc":{"start":{"line":123,"column":33},"end":{"line":123,"column":48}},"skip":true},"7":{"name":"(anonymous_7)","line":125,"loc":{"start":{"line":125,"column":27},"end":{"line":125,"column":39}},"skip":true},"8":{"name":"(anonymous_8)","line":133,"loc":{"start":{"line":133,"column":59},"end":{"line":133,"column":74}},"skip":true},"9":{"name":"(anonymous_9)","line":143,"loc":{"start":{"line":143,"column":45},"end":{"line":143,"column":62}},"skip":true},"10":{"name":"(anonymous_10)","line":144,"loc":{"start":{"line":144,"column":73},"end":{"line":144,"column":92}},"skip":true},"11":{"name":"(anonymous_11)","line":272,"loc":{"start":{"line":272,"column":51},"end":{"line":272,"column":77}},"skip":true},"12":{"name":"(anonymous_12)","line":315,"loc":{"start":{"line":315,"column":32},"end":{"line":315,"column":61}},"skip":true}},"statementMap":{"1":{"start":{"line":26,"column":0},"end":{"line":326,"column":5}},"2":{"start":{"line":28,"column":4},"end":{"line":28,"column":14}},"3":{"start":{"line":33,"column":4},"end":{"line":60,"column":9}},"4":{"start":{"line":35,"column":8},"end":{"line":35,"column":19}},"5":{"start":{"line":37,"column":8},"end":{"line":49,"column":13}},"6":{"start":{"line":38,"column":12},"end":{"line":48,"column":13}},"7":{"start":{"line":39,"column":16},"end":{"line":42,"column":30}},"8":{"start":{"line":44,"column":16},"end":{"line":47,"column":27}},"9":{"start":{"line":51,"column":8},"end":{"line":53,"column":21}},"10":{"start":{"line":55,"column":8},"end":{"line":57,"column":45}},"11":{"start":{"line":59,"column":8},"end":{"line":59,"column":35}},"12":{"start":{"line":61,"column":4},"end":{"line":325,"column":5}},"13":{"start":{"line":69,"column":8},"end":{"line":121,"column":10},"skip":true},"14":{"start":{"line":70,"column":12},"end":{"line":88,"column":13},"skip":true},"15":{"start":{"line":76,"column":16},"end":{"line":87,"column":19},"skip":true},"16":{"start":{"line":79,"column":20},"end":{"line":86,"column":21},"skip":true},"17":{"start":{"line":82,"column":24},"end":{"line":82,"column":43},"skip":true},"18":{"start":{"line":83,"column":24},"end":{"line":83,"column":30},"skip":true},"19":{"start":{"line":85,"column":24},"end":{"line":85,"column":49},"skip":true},"20":{"start":{"line":89,"column":12},"end":{"line":107,"column":13},"skip":true},"21":{"start":{"line":92,"column":16},"end":{"line":102,"column":17},"skip":true},"22":{"start":{"line":93,"column":20},"end":{"line":93,"column":86},"skip":true},"23":{"start":{"line":94,"column":20},"end":{"line":95,"column":45},"skip":true},"24":{"start":{"line":96,"column":20},"end":{"line":96,"column":42},"skip":true},"25":{"start":{"line":97,"column":20},"end":{"line":97,"column":48},"skip":true},"26":{"start":{"line":100,"column":20},"end":{"line":100,"column":85},"skip":true},"27":{"start":{"line":101,"column":20},"end":{"line":101,"column":96},"skip":true},"28":{"start":{"line":103,"column":16},"end":{"line":103,"column":22},"skip":true},"29":{"start":{"line":106,"column":16},"end":{"line":106,"column":22},"skip":true},"30":{"start":{"line":108,"column":12},"end":{"line":120,"column":13},"skip":true},"31":{"start":{"line":114,"column":16},"end":{"line":119,"column":17},"skip":true},"32":{"start":{"line":116,"column":20},"end":{"line":116,"column":78},"skip":true},"33":{"start":{"line":118,"column":20},"end":{"line":118,"column":47},"skip":true},"34":{"start":{"line":123,"column":8},"end":{"line":141,"column":11},"skip":true},"35":{"start":{"line":124,"column":12},"end":{"line":124,"column":54},"skip":true},"36":{"start":{"line":125,"column":12},"end":{"line":140,"column":14},"skip":true},"37":{"start":{"line":126,"column":16},"end":{"line":126,"column":28},"skip":true},"38":{"start":{"line":127,"column":16},"end":{"line":127,"column":69},"skip":true},"39":{"start":{"line":128,"column":16},"end":{"line":128,"column":75},"skip":true},"40":{"start":{"line":129,"column":16},"end":{"line":131,"column":17},"skip":true},"41":{"start":{"line":130,"column":20},"end":{"line":130,"column":27},"skip":true},"42":{"start":{"line":133,"column":16},"end":{"line":137,"column":36},"skip":true},"43":{"start":{"line":134,"column":20},"end":{"line":136,"column":55},"skip":true},"44":{"start":{"line":139,"column":16},"end":{"line":139,"column":57},"skip":true},"45":{"start":{"line":143,"column":8},"end":{"line":147,"column":11},"skip":true},"46":{"start":{"line":144,"column":12},"end":{"line":146,"column":15},"skip":true},"47":{"start":{"line":145,"column":16},"end":{"line":145,"column":70},"skip":true},"48":{"start":{"line":149,"column":8},"end":{"line":149,"column":31},"skip":true},"49":{"start":{"line":150,"column":8},"end":{"line":150,"column":14},"skip":true},"50":{"start":{"line":158,"column":8},"end":{"line":158,"column":31},"skip":true},"51":{"start":{"line":160,"column":8},"end":{"line":160,"column":33},"skip":true},"52":{"start":{"line":161,"column":8},"end":{"line":161,"column":37},"skip":true},"53":{"start":{"line":162,"column":8},"end":{"line":162,"column":35},"skip":true},"54":{"start":{"line":164,"column":8},"end":{"line":164,"column":50},"skip":true},"55":{"start":{"line":166,"column":8},"end":{"line":256,"column":2},"skip":true},"56":{"start":{"line":258,"column":8},"end":{"line":286,"column":9},"skip":true},"57":{"start":{"line":259,"column":12},"end":{"line":269,"column":14},"skip":true},"58":{"start":{"line":271,"column":12},"end":{"line":285,"column":19},"skip":true},"59":{"start":{"line":274,"column":20},"end":{"line":274,"column":35},"skip":true},"60":{"start":{"line":275,"column":20},"end":{"line":284,"column":21},"skip":true},"61":{"start":{"line":277,"column":24},"end":{"line":277,"column":64},"skip":true},"62":{"start":{"line":279,"column":24},"end":{"line":279,"column":40},"skip":true},"63":{"start":{"line":281,"column":24},"end":{"line":281,"column":40},"skip":true},"64":{"start":{"line":283,"column":24},"end":{"line":283,"column":39},"skip":true},"65":{"start":{"line":288,"column":8},"end":{"line":290,"column":9},"skip":true},"66":{"start":{"line":289,"column":12},"end":{"line":289,"column":18},"skip":true},"67":{"start":{"line":291,"column":8},"end":{"line":293,"column":54},"skip":true},"68":{"start":{"line":296,"column":8},"end":{"line":301,"column":37},"skip":true},"69":{"start":{"line":303,"column":8},"end":{"line":303,"column":82},"skip":true},"70":{"start":{"line":306,"column":8},"end":{"line":308,"column":9},"skip":true},"71":{"start":{"line":307,"column":12},"end":{"line":307,"column":82},"skip":true},"72":{"start":{"line":310,"column":8},"end":{"line":312,"column":9},"skip":true},"73":{"start":{"line":311,"column":12},"end":{"line":311,"column":18},"skip":true},"74":{"start":{"line":313,"column":8},"end":{"line":313,"column":54},"skip":true},"75":{"start":{"line":314,"column":8},"end":{"line":314,"column":69},"skip":true},"76":{"start":{"line":315,"column":8},"end":{"line":323,"column":36},"skip":true},"77":{"start":{"line":316,"column":12},"end":{"line":316,"column":61},"skip":true},"78":{"start":{"line":317,"column":12},"end":{"line":320,"column":13},"skip":true},"79":{"start":{"line":318,"column":16},"end":{"line":318,"column":75},"skip":true},"80":{"start":{"line":319,"column":16},"end":{"line":319,"column":23},"skip":true},"81":{"start":{"line":321,"column":12},"end":{"line":321,"column":38},"skip":true},"82":{"start":{"line":322,"column":12},"end":{"line":322,"column":27},"skip":true},"83":{"start":{"line":324,"column":8},"end":{"line":324,"column":14},"skip":true}},"branchMap":{"1":{"line":39,"type":"binary-expr","locations":[{"start":{"line":39,"column":23},"end":{"line":39,"column":62}},{"start":{"line":40,"column":20},"end":{"line":40,"column":70}},{"start":{"line":41,"column":20},"end":{"line":41,"column":71}},{"start":{"line":42,"column":20},"end":{"line":42,"column":29}}]},"2":{"line":44,"type":"binary-expr","locations":[{"start":{"line":44,"column":23},"end":{"line":44,"column":37}},{"start":{"line":45,"column":20},"end":{"line":45,"column":61}},{"start":{"line":46,"column":20},"end":{"line":46,"column":70}},{"start":{"line":47,"column":20},"end":{"line":47,"column":26}}]},"3":{"line":51,"type":"cond-expr","locations":[{"start":{"line":52,"column":14},"end":{"line":52,"column":20}},{"start":{"line":53,"column":14},"end":{"line":53,"column":20}}]},"4":{"line":55,"type":"binary-expr","locations":[{"start":{"line":55,"column":16},"end":{"line":55,"column":44}},{"start":{"line":55,"column":49},"end":{"line":57,"column":43}}]},"5":{"line":55,"type":"cond-expr","locations":[{"start":{"line":56,"column":14},"end":{"line":56,"column":52}},{"start":{"line":57,"column":14},"end":{"line":57,"column":43}}]},"6":{"line":61,"type":"switch","locations":[{"start":{"line":68,"column":4},"end":{"line":150,"column":14},"skip":true},{"start":{"line":156,"column":4},"end":{"line":324,"column":14},"skip":true}]},"7":{"line":70,"type":"if","locations":[{"start":{"line":70,"column":12},"end":{"line":70,"column":12},"skip":true},{"start":{"line":70,"column":12},"end":{"line":70,"column":12},"skip":true}]},"8":{"line":70,"type":"binary-expr","locations":[{"start":{"line":70,"column":16},"end":{"line":70,"column":22},"skip":true},{"start":{"line":70,"column":27},"end":{"line":70,"column":32},"skip":true},{"start":{"line":71,"column":20},"end":{"line":71,"column":39},"skip":true},{"start":{"line":72,"column":20},"end":{"line":72,"column":49},"skip":true},{"start":{"line":73,"column":20},"end":{"line":73,"column":58},"skip":true},{"start":{"line":74,"column":20},"end":{"line":74,"column":69},"skip":true}]},"9":{"line":79,"type":"switch","locations":[{"start":{"line":80,"column":20},"end":{"line":80,"column":33},"skip":true},{"start":{"line":81,"column":20},"end":{"line":83,"column":30},"skip":true},{"start":{"line":84,"column":20},"end":{"line":85,"column":49},"skip":true}]},"10":{"line":89,"type":"switch","locations":[{"start":{"line":90,"column":12},"end":{"line":103,"column":22},"skip":true},{"start":{"line":105,"column":12},"end":{"line":106,"column":22},"skip":true}]},"11":{"line":89,"type":"binary-expr","locations":[{"start":{"line":89,"column":20},"end":{"line":89,"column":25},"skip":true},{"start":{"line":89,"column":29},"end":{"line":89,"column":48},"skip":true},{"start":{"line":89,"column":52},"end":{"line":89,"column":74},"skip":true}]},"12":{"line":92,"type":"if","locations":[{"start":{"line":92,"column":16},"end":{"line":92,"column":16},"skip":true},{"start":{"line":92,"column":16},"end":{"line":92,"column":16},"skip":true}]},"13":{"line":108,"type":"if","locations":[{"start":{"line":108,"column":12},"end":{"line":108,"column":12},"skip":true},{"start":{"line":108,"column":12},"end":{"line":108,"column":12},"skip":true}]},"14":{"line":108,"type":"binary-expr","locations":[{"start":{"line":108,"column":16},"end":{"line":108,"column":61},"skip":true},{"start":{"line":108,"column":66},"end":{"line":108,"column":72},"skip":true},{"start":{"line":108,"column":77},"end":{"line":108,"column":82},"skip":true},{"start":{"line":109,"column":20},"end":{"line":109,"column":39},"skip":true},{"start":{"line":110,"column":20},"end":{"line":110,"column":49},"skip":true},{"start":{"line":111,"column":20},"end":{"line":111,"column":58},"skip":true},{"start":{"line":112,"column":20},"end":{"line":112,"column":68},"skip":true}]},"15":{"line":129,"type":"if","locations":[{"start":{"line":129,"column":16},"end":{"line":129,"column":16},"skip":true},{"start":{"line":129,"column":16},"end":{"line":129,"column":16},"skip":true}]},"16":{"line":134,"type":"cond-expr","locations":[{"start":{"line":135,"column":26},"end":{"line":135,"column":29},"skip":true},{"start":{"line":136,"column":26},"end":{"line":136,"column":54},"skip":true}]},"17":{"line":164,"type":"binary-expr","locations":[{"start":{"line":164,"column":27},"end":{"line":164,"column":43},"skip":true},{"start":{"line":164,"column":47},"end":{"line":164,"column":49},"skip":true}]},"18":{"line":258,"type":"if","locations":[{"start":{"line":258,"column":8},"end":{"line":258,"column":8},"skip":true},{"start":{"line":258,"column":8},"end":{"line":258,"column":8},"skip":true}]},"19":{"line":275,"type":"switch","locations":[{"start":{"line":276,"column":20},"end":{"line":277,"column":64},"skip":true},{"start":{"line":278,"column":20},"end":{"line":279,"column":40},"skip":true},{"start":{"line":280,"column":20},"end":{"line":281,"column":40},"skip":true},{"start":{"line":282,"column":20},"end":{"line":283,"column":39},"skip":true}]},"20":{"line":288,"type":"if","locations":[{"start":{"line":288,"column":8},"end":{"line":288,"column":8},"skip":true},{"start":{"line":288,"column":8},"end":{"line":288,"column":8},"skip":true}]},"21":{"line":288,"type":"binary-expr","locations":[{"start":{"line":288,"column":12},"end":{"line":288,"column":40},"skip":true},{"start":{"line":288,"column":44},"end":{"line":288,"column":67},"skip":true}]},"22":{"line":292,"type":"binary-expr","locations":[{"start":{"line":292,"column":12},"end":{"line":292,"column":50},"skip":true},{"start":{"line":293,"column":12},"end":{"line":293,"column":53},"skip":true}]},"23":{"line":297,"type":"binary-expr","locations":[{"start":{"line":297,"column":12},"end":{"line":297,"column":66},"skip":true},{"start":{"line":298,"column":12},"end":{"line":301,"column":36},"skip":true}]},"24":{"line":303,"type":"binary-expr","locations":[{"start":{"line":303,"column":43},"end":{"line":303,"column":75},"skip":true},{"start":{"line":303,"column":79},"end":{"line":303,"column":81},"skip":true}]},"25":{"line":306,"type":"if","locations":[{"start":{"line":306,"column":8},"end":{"line":306,"column":8},"skip":true},{"start":{"line":306,"column":8},"end":{"line":306,"column":8},"skip":true}]},"26":{"line":310,"type":"if","locations":[{"start":{"line":310,"column":8},"end":{"line":310,"column":8},"skip":true},{"start":{"line":310,"column":8},"end":{"line":310,"column":8},"skip":true}]},"27":{"line":313,"type":"binary-expr","locations":[{"start":{"line":313,"column":27},"end":{"line":313,"column":43},"skip":true},{"start":{"line":313,"column":47},"end":{"line":313,"column":53},"skip":true}]},"28":{"line":317,"type":"if","locations":[{"start":{"line":317,"column":12},"end":{"line":317,"column":12},"skip":true},{"start":{"line":317,"column":12},"end":{"line":317,"column":12},"skip":true}]}},"code":["/*","example.js","","quickstart example","","instruction","    1. save this script as example.js","    2. run the shell command:","        $ npm install npmtest-template && PORT=8081 node example.js","    3. play with the browser-demo on http://127.0.0.1:8081","*/","","","","/* istanbul instrument in package npmtest_template */","/*jslint","    bitwise: true,","    browser: true,","    maxerr: 8,","    maxlen: 96,","    node: true,","    nomen: true,","    regexp: true,","    stupid: true","*/","(function () {","    'use strict';","    var local;","","","","    // run shared js-env code - init-before","    (function () {","        // init local","        local = {};","        // init modeJs","        local.modeJs = (function () {","            try {","                return typeof navigator.userAgent === 'string' &&","                    typeof document.querySelector('body') === 'object' &&","                    typeof XMLHttpRequest.prototype.open === 'function' &&","                    'browser';","            } catch (errorCaughtBrowser) {","                return module.exports &&","                    typeof process.versions.node === 'string' &&","                    typeof require('http').createServer === 'function' &&","                    'node';","            }","        }());","        // init global","        local.global = local.modeJs === 'browser'","            ? window","            : global;","        // init utility2_rollup","        local = local.global.utility2_rollup || (local.modeJs === 'browser'","            ? local.global.utility2_npmtest_template","            : global.utility2_moduleExports);","        // export local","        local.global.local = local;","    }());","    switch (local.modeJs) {","","","","    // init-after","    // run browser js-env code - init-after","    /* istanbul ignore next */","    case 'browser':","        local.testRunBrowser = function (event) {","            if (!event || (event &&","                    event.currentTarget &&","                    event.currentTarget.className &&","                    event.currentTarget.className.includes &&","                    event.currentTarget.className.includes('onreset'))) {","                // reset output","                Array.from(","                    document.querySelectorAll('body > .resettable')","                ).forEach(function (element) {","                    switch (element.tagName) {","                    case 'INPUT':","                    case 'TEXTAREA':","                        element.value = '';","                        break;","                    default:","                        element.textContent = '';","                    }","                });","            }","            switch (event && event.currentTarget && event.currentTarget.id) {","            case 'testRunButton1':","                // show tests","                if (document.querySelector('#testReportDiv1').style.display === 'none') {","                    document.querySelector('#testReportDiv1').style.display = 'block';","                    document.querySelector('#testRunButton1').textContent =","                        'hide internal test';","                    local.modeTest = true;","                    local.testRunDefault(local);","                // hide tests","                } else {","                    document.querySelector('#testReportDiv1').style.display = 'none';","                    document.querySelector('#testRunButton1').textContent = 'run internal test';","                }","                break;","            // custom-case","            default:","                break;","            }","            if (document.querySelector('#inputTextareaEval1') && (!event || (event &&","                    event.currentTarget &&","                    event.currentTarget.className &&","                    event.currentTarget.className.includes &&","                    event.currentTarget.className.includes('oneval')))) {","                // try to eval input-code","                try {","                    /*jslint evil: true*/","                    eval(document.querySelector('#inputTextareaEval1').value);","                } catch (errorCaught) {","                    console.error(errorCaught);","                }","            }","        };","        // log stderr and stdout to #outputTextareaStdout1","        ['error', 'log'].forEach(function (key) {","            console[key + '_original'] = console[key];","            console[key] = function () {","                var element;","                console[key + '_original'].apply(console, arguments);","                element = document.querySelector('#outputTextareaStdout1');","                if (!element) {","                    return;","                }","                // append text to #outputTextareaStdout1","                element.value += Array.from(arguments).map(function (arg) {","                    return typeof arg === 'string'","                        ? arg","                        : JSON.stringify(arg, null, 4);","                }).join(' ') + '\\n';","                // scroll textarea to bottom","                element.scrollTop = element.scrollHeight;","            };","        });","        // init event-handling","        ['change', 'click', 'keyup'].forEach(function (event) {","            Array.from(document.querySelectorAll('.on' + event)).forEach(function (element) {","                element.addEventListener(event, local.testRunBrowser);","            });","        });","        // run tests","        local.testRunBrowser();","        break;","","","","    // run node js-env code - init-after","    /* istanbul ignore next */","    case 'node':","        // export local","        module.exports = local;","        // require modules","        local.fs = require('fs');","        local.http = require('http');","        local.url = require('url');","        // init assets","        local.assetsDict = local.assetsDict || {};","        /* jslint-ignore-begin */","        local.assetsDict['/assets.index.template.html'] = '\\","<!doctype html>\\n\\","<html lang=\"en\">\\n\\","<head>\\n\\","<meta charset=\"UTF-8\">\\n\\","<meta name=\"viewport\" content=\"width=device-width, initial-scale=1\">\\n\\","<title>{{env.npm_package_name}} (v{{env.npm_package_version}})</title>\\n\\","<style>\\n\\","/*csslint\\n\\","    box-sizing: false,\\n\\","    universal-selector: false\\n\\","*/\\n\\","* {\\n\\","    box-sizing: border-box;\\n\\","}\\n\\","body {\\n\\","    background: #dde;\\n\\","    font-family: Arial, Helvetica, sans-serif;\\n\\","    margin: 2rem;\\n\\","}\\n\\","body > * {\\n\\","    margin-bottom: 1rem;\\n\\","}\\n\\",".utility2FooterDiv {\\n\\","    margin-top: 20px;\\n\\","    text-align: center;\\n\\","}\\n\\","</style>\\n\\","<style>\\n\\","/*csslint\\n\\","*/\\n\\","textarea {\\n\\","    font-family: monospace;\\n\\","    height: 10rem;\\n\\","    width: 100%;\\n\\","}\\n\\","textarea[readonly] {\\n\\","    background: #ddd;\\n\\","}\\n\\","</style>\\n\\","</head>\\n\\","<body>\\n\\","<!-- utility2-comment\\n\\","<div id=\"ajaxProgressDiv1\" style=\"background: #d00; height: 2px; left: 0; margin: 0; padding: 0; position: fixed; top: 0; transition: background 0.5s, width 1.5s; width: 25%;\"></div>\\n\\","utility2-comment -->\\n\\","<h1>\\n\\","<!-- utility2-comment\\n\\","    <a\\n\\","        {{#if env.npm_package_homepage}}\\n\\","        href=\"{{env.npm_package_homepage}}\"\\n\\","        {{/if env.npm_package_homepage}}\\n\\","        target=\"_blank\"\\n\\","    >\\n\\","utility2-comment -->\\n\\","        {{env.npm_package_name}} (v{{env.npm_package_version}})\\n\\","<!-- utility2-comment\\n\\","    </a>\\n\\","utility2-comment -->\\n\\","</h1>\\n\\","<h3>{{env.npm_package_description}}</h3>\\n\\","<!-- utility2-comment\\n\\","<h4><a download href=\"assets.app.js\">download standalone app</a></h4>\\n\\","<button class=\"onclick onreset\" id=\"testRunButton1\">run internal test</button><br>\\n\\","<div id=\"testReportDiv1\" style=\"display: none;\"></div>\\n\\","utility2-comment -->\\n\\","\\n\\","\\n\\","\\n\\","<label>stderr and stdout</label>\\n\\","<textarea class=\"resettable\" id=\"outputTextareaStdout1\" readonly></textarea>\\n\\","<!-- utility2-comment\\n\\","{{#if isRollup}}\\n\\","<script src=\"assets.app.js\"></script>\\n\\","{{#unless isRollup}}\\n\\","utility2-comment -->\\n\\","<script src=\"assets.utility2.rollup.js\"></script>\\n\\","<script src=\"jsonp.utility2._stateInit?callback=window.utility2._stateInit\"></script>\\n\\","<script src=\"assets.npmtest_template.rollup.js\"></script>\\n\\","<script src=\"assets.example.js\"></script>\\n\\","<script src=\"assets.test.js\"></script>\\n\\","<!-- utility2-comment\\n\\","{{/if isRollup}}\\n\\","utility2-comment -->\\n\\","<div class=\"utility2FooterDiv\">\\n\\","    [ this app was created with\\n\\","    <a href=\"https://github.com/kaizhu256/node-utility2\" target=\"_blank\">utility2</a>\\n\\","    ]\\n\\","</div>\\n\\","</body>\\n\\","</html>\\n\\","';","        /* jslint-ignore-end */","        if (local.templateRender) {","            local.assetsDict['/'] = local.templateRender(","                local.assetsDict['/assets.index.template.html'],","                {","                    env: local.objectSetDefault(local.env, {","                        npm_package_description: 'the greatest app in the world!',","                        npm_package_name: 'my-app',","                        npm_package_nameAlias: 'my_app',","                        npm_package_version: '0.0.1'","                    })","                }","            );","        } else {","            local.assetsDict['/'] = local.assetsDict['/assets.index.template.html']","                .replace((/\\{\\{env\\.(\\w+?)\\}\\}/g), function (match0, match1) {","                    // jslint-hack","                    String(match0);","                    switch (match1) {","                    case 'npm_package_description':","                        return 'the greatest app in the world!';","                    case 'npm_package_name':","                        return 'my-app';","                    case 'npm_package_nameAlias':","                        return 'my_app';","                    case 'npm_package_version':","                        return '0.0.1';","                    }","                });","        }","        // run the cli","        if (local.global.utility2_rollup || module !== require.main) {","            break;","        }","        local.assetsDict['/assets.example.js'] =","            local.assetsDict['/assets.example.js'] ||","            local.fs.readFileSync(__filename, 'utf8');","        // bug-workaround - long $npm_package_buildCustomOrg","        /* jslint-ignore-begin */","        local.assetsDict['/assets.npmtest_template.rollup.js'] =","            local.assetsDict['/assets.npmtest_template.rollup.js'] ||","            local.fs.readFileSync(","                local.npmtest_template.__dirname + '/lib.npmtest_template.js',","                'utf8'","            ).replace((/^#!/), '//');","        /* jslint-ignore-end */","        local.assetsDict['/favicon.ico'] = local.assetsDict['/favicon.ico'] || '';","        // if $npm_config_timeout_exit exists,","        // then exit this process after $npm_config_timeout_exit ms","        if (Number(process.env.npm_config_timeout_exit)) {","            setTimeout(process.exit, Number(process.env.npm_config_timeout_exit));","        }","        // start server","        if (local.global.utility2_serverHttp1) {","            break;","        }","        process.env.PORT = process.env.PORT || '8081';","        console.error('server starting on port ' + process.env.PORT);","        local.http.createServer(function (request, response) {","            request.urlParsed = local.url.parse(request.url);","            if (local.assetsDict[request.urlParsed.pathname] !== undefined) {","                response.end(local.assetsDict[request.urlParsed.pathname]);","                return;","            }","            response.statusCode = 404;","            response.end();","        }).listen(process.env.PORT);","        break;","    }","}());",""],"l":{"26":2,"28":2,"33":2,"35":2,"37":2,"38":2,"39":2,"44":1,"51":2,"55":2,"59":2,"61":2,"69":1,"70":2,"76":2,"79":2,"82":2,"83":2,"85":1,"89":2,"92":1,"93":1,"94":1,"96":1,"97":1,"100":1,"101":1,"103":1,"106":1,"108":2,"114":1,"116":1,"118":1,"123":1,"124":2,"125":2,"126":3,"127":3,"128":3,"129":3,"130":1,"133":3,"134":3,"139":3,"143":1,"144":3,"145":1,"149":1,"150":1,"158":1,"160":1,"161":1,"162":1,"164":1,"166":1,"258":1,"259":1,"271":1,"274":6,"275":6,"277":1,"279":2,"281":1,"283":2,"288":1,"289":1,"291":1,"296":1,"303":1,"306":1,"307":1,"310":1,"311":1,"313":1,"314":1,"315":1,"316":1,"317":1,"318":1,"319":1,"321":1,"322":1,"324":1}},"/home/travis/build/npmtest/node-npmtest-template/node_modules/template/index.js":{"path":"/home/travis/build/npmtest/node-npmtest-template/node_modules/template/index.js","s":{"1":1,"2":1,"3":1,"4":1,"5":1,"6":1,"7":1,"8":1,"9":1,"10":1,"11":1,"12":1,"13":1,"14":1,"15":1,"16":1,"17":1,"18":1,"19":1,"20":1,"21":1,"22":1,"23":1,"24":0,"25":0,"26":0,"27":0,"28":1,"29":1,"30":0,"31":0,"32":0,"33":0,"34":0,"35":0,"36":0,"37":0,"38":0,"39":0,"40":0,"41":0,"42":0,"43":0,"44":0,"45":0,"46":0,"47":0,"48":0,"49":0,"50":0,"51":0,"52":0,"53":0,"54":0,"55":0,"56":0,"57":0,"58":0,"59":0,"60":0,"61":0,"62":0,"63":0,"64":0,"65":0,"66":0,"67":0,"68":0,"69":0,"70":0,"71":0,"72":0,"73":0,"74":0,"75":0,"76":0,"77":0,"78":0,"79":0,"80":0,"81":0,"82":0,"83":0,"84":0,"85":0,"86":0,"87":0,"88":0,"89":0,"90":0,"91":0,"92":0,"93":0,"94":0,"95":0,"96":0,"97":0,"98":0,"99":0,"100":0,"101":0,"102":0,"103":0,"104":0,"105":0,"106":0,"107":0,"108":0,"109":0,"110":0,"111":0,"112":0,"113":0,"114":0,"115":0,"116":0,"117":0,"118":0,"119":0,"120":0,"121":0,"122":0,"123":0,"124":0,"125":0,"126":0,"127":0,"128":0,"129":0,"130":0,"131":0,"132":0,"133":0,"134":0,"135":0,"136":0,"137":0,"138":0,"139":0,"140":0,"141":0,"142":0,"143":0,"144":0,"145":0,"146":0,"147":0,"148":0,"149":0,"150":0,"151":0,"152":0,"153":0,"154":0,"155":0,"156":0,"157":0,"158":0,"159":0,"160":0,"161":0,"162":0,"163":0,"164":0,"165":0,"166":0,"167":0,"168":0,"169":0,"170":0,"171":0,"172":0,"173":0,"174":0,"175":0,"176":1,"177":0,"178":0,"179":0,"180":0,"181":0,"182":0,"183":0,"184":0,"185":0,"186":0,"187":0,"188":0,"189":0,"190":0,"191":0,"192":0,"193":0,"194":0,"195":0,"196":0,"197":0,"198":0,"199":0,"200":0,"201":0,"202":0,"203":0,"204":0,"205":0,"206":0,"207":0,"208":0,"209":0,"210":0,"211":0,"212":0,"213":0,"214":0,"215":0,"216":0,"217":0,"218":0,"219":0,"220":0,"221":0,"222":0,"223":0,"224":0,"225":0,"226":0,"227":0,"228":0,"229":0,"230":0,"231":0,"232":0,"233":0,"234":0,"235":0,"236":0,"237":0,"238":0,"239":0,"240":0,"241":0,"242":0,"243":0,"244":0,"245":0,"246":0,"247":0,"248":0,"249":0,"250":0,"251":0,"252":0,"253":0,"254":0,"255":0,"256":0,"257":0,"258":0,"259":0,"260":0,"261":0,"262":0,"263":0,"264":0,"265":0,"266":0,"267":0,"268":0,"269":0,"270":0,"271":0,"272":0,"273":0,"274":0,"275":0,"276":0,"277":0,"278":0,"279":0,"280":0,"281":0,"282":0,"283":0,"284":0,"285":0,"286":0,"287":1,"288":0,"289":0,"290":1},"b":{"1":[0,0],"2":[0,0],"3":[0,0],"4":[0,0],"5":[0,0],"6":[0,0],"7":[0,0],"8":[0,0],"9":[0,0],"10":[0,0],"11":[0,0],"12":[0,0],"13":[0,0],"14":[0,0],"15":[0,0],"16":[0,0],"17":[0,0],"18":[0,0],"19":[0,0],"20":[0,0],"21":[0,0],"22":[0,0],"23":[0,0],"24":[0,0],"25":[0,0],"26":[0,0,0],"27":[0,0],"28":[0,0],"29":[0,0],"30":[0,0],"31":[0,0],"32":[0,0],"33":[0,0],"34":[0,0],"35":[0,0],"36":[0,0],"37":[0,0],"38":[0,0],"39":[0,0],"40":[0,0],"41":[0,0],"42":[0,0],"43":[0,0],"44":[0,0],"45":[0,0],"46":[0,0],"47":[0,0],"48":[0,0],"49":[0,0],"50":[0,0]},"f":{"1":0,"2":0,"3":0,"4":0,"5":0,"6":0,"7":0,"8":0,"9":0,"10":0,"11":0,"12":0,"13":0,"14":0,"15":0,"16":0,"17":0,"18":0,"19":0,"20":0,"21":0,"22":0,"23":0,"24":0,"25":0,"26":0,"27":0,"28":0,"29":0,"30":0,"31":0,"32":0,"33":0,"34":0,"35":0,"36":0,"37":0,"38":0},"fnMap":{"1":{"name":"Template","line":47,"loc":{"start":{"line":47,"column":0},"end":{"line":47,"column":27}}},"2":{"name":"(anonymous_2)","line":72,"loc":{"start":{"line":72,"column":8},"end":{"line":72,"column":20}}},"3":{"name":"(anonymous_3)","line":132,"loc":{"start":{"line":132,"column":10},"end":{"line":132,"column":22}}},"4":{"name":"(anonymous_4)","line":133,"loc":{"start":{"line":133,"column":22},"end":{"line":133,"column":44}}},"5":{"name":"(anonymous_5)","line":159,"loc":{"start":{"line":159,"column":8},"end":{"line":159,"column":27}}},"6":{"name":"(anonymous_6)","line":190,"loc":{"start":{"line":190,"column":15},"end":{"line":190,"column":26}}},"7":{"name":"(anonymous_7)","line":200,"loc":{"start":{"line":200,"column":19},"end":{"line":200,"column":38}}},"8":{"name":"(anonymous_8)","line":205,"loc":{"start":{"line":205,"column":36},"end":{"line":205,"column":54}}},"9":{"name":"(anonymous_9)","line":206,"loc":{"start":{"line":206,"column":26},"end":{"line":206,"column":37}}},"10":{"name":"(anonymous_10)","line":229,"loc":{"start":{"line":229,"column":10},"end":{"line":229,"column":41}}},"11":{"name":"(anonymous_11)","line":298,"loc":{"start":{"line":298,"column":12},"end":{"line":298,"column":36}}},"12":{"name":"(anonymous_12)","line":321,"loc":{"start":{"line":321,"column":14},"end":{"line":321,"column":25}}},"13":{"name":"(anonymous_13)","line":345,"loc":{"start":{"line":345,"column":10},"end":{"line":345,"column":46}}},"14":{"name":"(anonymous_14)","line":365,"loc":{"start":{"line":365,"column":29},"end":{"line":365,"column":44}}},"15":{"name":"(anonymous_15)","line":381,"loc":{"start":{"line":381,"column":14},"end":{"line":381,"column":54}}},"16":{"name":"(anonymous_16)","line":392,"loc":{"start":{"line":392,"column":15},"end":{"line":392,"column":38}}},"17":{"name":"(anonymous_17)","line":393,"loc":{"start":{"line":393,"column":11},"end":{"line":393,"column":26}}},"18":{"name":"(anonymous_18)","line":411,"loc":{"start":{"line":411,"column":7},"end":{"line":411,"column":36}}},"19":{"name":"(anonymous_19)","line":427,"loc":{"start":{"line":427,"column":9},"end":{"line":427,"column":32}}},"20":{"name":"(anonymous_20)","line":441,"loc":{"start":{"line":441,"column":15},"end":{"line":441,"column":30}}},"21":{"name":"handleLayout","line":477,"loc":{"start":{"line":477,"column":4},"end":{"line":477,"column":37}}},"22":{"name":"(anonymous_22)","line":512,"loc":{"start":{"line":512,"column":11},"end":{"line":512,"column":43}}},"23":{"name":"(anonymous_23)","line":565,"loc":{"start":{"line":565,"column":10},"end":{"line":565,"column":38}}},"24":{"name":"(anonymous_24)","line":627,"loc":{"start":{"line":627,"column":43},"end":{"line":627,"column":63}}},"25":{"name":"(anonymous_25)","line":648,"loc":{"start":{"line":648,"column":17},"end":{"line":648,"column":46}}},"26":{"name":"(anonymous_26)","line":652,"loc":{"start":{"line":652,"column":24},"end":{"line":652,"column":45}}},"27":{"name":"(anonymous_27)","line":655,"loc":{"start":{"line":655,"column":30},"end":{"line":655,"column":51}}},"28":{"name":"(anonymous_28)","line":681,"loc":{"start":{"line":681,"column":11},"end":{"line":681,"column":40}}},"29":{"name":"(anonymous_29)","line":695,"loc":{"start":{"line":695,"column":15},"end":{"line":695,"column":57}}},"30":{"name":"(anonymous_30)","line":720,"loc":{"start":{"line":720,"column":11},"end":{"line":720,"column":30}}},"31":{"name":"(anonymous_31)","line":728,"loc":{"start":{"line":728,"column":12},"end":{"line":728,"column":31}}},"32":{"name":"(anonymous_32)","line":731,"loc":{"start":{"line":731,"column":36},"end":{"line":731,"column":54}}},"33":{"name":"(anonymous_33)","line":732,"loc":{"start":{"line":732,"column":26},"end":{"line":732,"column":41}}},"34":{"name":"(anonymous_34)","line":745,"loc":{"start":{"line":745,"column":9},"end":{"line":745,"column":35}}},"35":{"name":"(anonymous_35)","line":753,"loc":{"start":{"line":753,"column":9},"end":{"line":753,"column":29}}},"36":{"name":"(anonymous_36)","line":765,"loc":{"start":{"line":765,"column":10},"end":{"line":765,"column":32}}},"37":{"name":"(anonymous_37)","line":774,"loc":{"start":{"line":774,"column":9},"end":{"line":774,"column":32}}},"38":{"name":"(anonymous_38)","line":794,"loc":{"start":{"line":794,"column":18},"end":{"line":794,"column":33}}}},"statementMap":{"1":{"start":{"line":3,"column":0},"end":{"line":3,"column":27}},"2":{"start":{"line":4,"column":0},"end":{"line":4,"column":27}},"3":{"start":{"line":5,"column":0},"end":{"line":5,"column":42}},"4":{"start":{"line":11,"column":0},"end":{"line":11,"column":26}},"5":{"start":{"line":12,"column":0},"end":{"line":12,"column":30}},"6":{"start":{"line":13,"column":0},"end":{"line":13,"column":33}},"7":{"start":{"line":14,"column":0},"end":{"line":14,"column":36}},"8":{"start":{"line":15,"column":0},"end":{"line":15,"column":30}},"9":{"start":{"line":16,"column":0},"end":{"line":16,"column":28}},"10":{"start":{"line":17,"column":0},"end":{"line":17,"column":34}},"11":{"start":{"line":18,"column":0},"end":{"line":18,"column":26}},"12":{"start":{"line":19,"column":0},"end":{"line":19,"column":27}},"13":{"start":{"line":20,"column":0},"end":{"line":20,"column":25}},"14":{"start":{"line":21,"column":0},"end":{"line":21,"column":25}},"15":{"start":{"line":22,"column":0},"end":{"line":22,"column":16}},"16":{"start":{"line":28,"column":0},"end":{"line":28,"column":48}},"17":{"start":{"line":29,"column":0},"end":{"line":29,"column":39}},"18":{"start":{"line":30,"column":0},"end":{"line":30,"column":39}},"19":{"start":{"line":31,"column":0},"end":{"line":31,"column":39}},"20":{"start":{"line":32,"column":0},"end":{"line":32,"column":37}},"21":{"start":{"line":33,"column":0},"end":{"line":33,"column":35}},"22":{"start":{"line":34,"column":0},"end":{"line":34,"column":33}},"23":{"start":{"line":47,"column":0},"end":{"line":53,"column":1}},"24":{"start":{"line":48,"column":2},"end":{"line":50,"column":3}},"25":{"start":{"line":49,"column":4},"end":{"line":49,"column":33}},"26":{"start":{"line":51,"column":2},"end":{"line":51,"column":27}},"27":{"start":{"line":52,"column":2},"end":{"line":52,"column":14}},"28":{"start":{"line":59,"column":0},"end":{"line":59,"column":22}},"29":{"start":{"line":65,"column":0},"end":{"line":778,"column":3}},"30":{"start":{"line":73,"column":4},"end":{"line":73,"column":16}},"31":{"start":{"line":74,"column":4},"end":{"line":74,"column":18}},"32":{"start":{"line":76,"column":4},"end":{"line":76,"column":18}},"33":{"start":{"line":77,"column":4},"end":{"line":77,"column":26}},"34":{"start":{"line":78,"column":4},"end":{"line":78,"column":17}},"35":{"start":{"line":81,"column":4},"end":{"line":91,"column":7}},"36":{"start":{"line":93,"column":4},"end":{"line":93,"column":22}},"37":{"start":{"line":94,"column":4},"end":{"line":94,"column":20}},"38":{"start":{"line":95,"column":4},"end":{"line":95,"column":25}},"39":{"start":{"line":97,"column":4},"end":{"line":97,"column":28}},"40":{"start":{"line":98,"column":4},"end":{"line":98,"column":20}},"41":{"start":{"line":100,"column":4},"end":{"line":100,"column":47}},"42":{"start":{"line":101,"column":4},"end":{"line":101,"column":59}},"43":{"start":{"line":102,"column":4},"end":{"line":102,"column":47}},"44":{"start":{"line":103,"column":4},"end":{"line":103,"column":47}},"45":{"start":{"line":104,"column":4},"end":{"line":104,"column":47}},"46":{"start":{"line":105,"column":4},"end":{"line":105,"column":49}},"47":{"start":{"line":107,"column":4},"end":{"line":111,"column":6}},"48":{"start":{"line":113,"column":4},"end":{"line":113,"column":26}},"49":{"start":{"line":114,"column":4},"end":{"line":114,"column":33}},"50":{"start":{"line":115,"column":4},"end":{"line":120,"column":7}},"51":{"start":{"line":123,"column":4},"end":{"line":123,"column":28}},"52":{"start":{"line":124,"column":4},"end":{"line":124,"column":23}},"53":{"start":{"line":125,"column":4},"end":{"line":125,"column":23}},"54":{"start":{"line":133,"column":4},"end":{"line":137,"column":7}},"55":{"start":{"line":134,"column":6},"end":{"line":136,"column":7}},"56":{"start":{"line":135,"column":8},"end":{"line":135,"column":35}},"57":{"start":{"line":160,"column":4},"end":{"line":171,"column":5}},"58":{"start":{"line":161,"column":6},"end":{"line":170,"column":7}},"59":{"start":{"line":162,"column":8},"end":{"line":164,"column":9}},"60":{"start":{"line":163,"column":10},"end":{"line":163,"column":38}},"61":{"start":{"line":165,"column":8},"end":{"line":168,"column":9}},"62":{"start":{"line":166,"column":10},"end":{"line":166,"column":41}},"63":{"start":{"line":167,"column":10},"end":{"line":167,"column":22}},"64":{"start":{"line":169,"column":8},"end":{"line":169,"column":46}},"65":{"start":{"line":173,"column":4},"end":{"line":178,"column":5}},"66":{"start":{"line":174,"column":6},"end":{"line":174,"column":42}},"67":{"start":{"line":175,"column":6},"end":{"line":175,"column":38}},"68":{"start":{"line":176,"column":6},"end":{"line":176,"column":30}},"69":{"start":{"line":177,"column":6},"end":{"line":177,"column":18}},"70":{"start":{"line":180,"column":4},"end":{"line":180,"column":40}},"71":{"start":{"line":181,"column":4},"end":{"line":181,"column":32}},"72":{"start":{"line":182,"column":4},"end":{"line":182,"column":16}},"73":{"start":{"line":191,"column":4},"end":{"line":193,"column":5}},"74":{"start":{"line":192,"column":6},"end":{"line":192,"column":56}},"75":{"start":{"line":201,"column":4},"end":{"line":201,"column":23}},"76":{"start":{"line":202,"column":4},"end":{"line":202,"column":31}},"77":{"start":{"line":203,"column":4},"end":{"line":203,"column":20}},"78":{"start":{"line":205,"column":4},"end":{"line":209,"column":7}},"79":{"start":{"line":206,"column":6},"end":{"line":208,"column":9}},"80":{"start":{"line":207,"column":8},"end":{"line":207,"column":57}},"81":{"start":{"line":230,"column":4},"end":{"line":230,"column":41}},"82":{"start":{"line":231,"column":4},"end":{"line":231,"column":36}},"83":{"start":{"line":232,"column":4},"end":{"line":232,"column":19}},"84":{"start":{"line":234,"column":4},"end":{"line":234,"column":48}},"85":{"start":{"line":235,"column":4},"end":{"line":235,"column":46}},"86":{"start":{"line":236,"column":4},"end":{"line":236,"column":38}},"87":{"start":{"line":238,"column":4},"end":{"line":240,"column":5}},"88":{"start":{"line":239,"column":6},"end":{"line":239,"column":46}},"89":{"start":{"line":242,"column":4},"end":{"line":242,"column":25}},"90":{"start":{"line":243,"column":4},"end":{"line":243,"column":29}},"91":{"start":{"line":244,"column":4},"end":{"line":244,"column":27}},"92":{"start":{"line":245,"column":4},"end":{"line":245,"column":20}},"93":{"start":{"line":246,"column":4},"end":{"line":246,"column":47}},"94":{"start":{"line":248,"column":4},"end":{"line":250,"column":5}},"95":{"start":{"line":249,"column":6},"end":{"line":249,"column":31}},"96":{"start":{"line":252,"column":4},"end":{"line":252,"column":34}},"97":{"start":{"line":253,"column":4},"end":{"line":253,"column":32}},"98":{"start":{"line":254,"column":4},"end":{"line":254,"column":44}},"99":{"start":{"line":257,"column":4},"end":{"line":257,"column":46}},"100":{"start":{"line":258,"column":4},"end":{"line":258,"column":61}},"101":{"start":{"line":259,"column":4},"end":{"line":259,"column":37}},"102":{"start":{"line":262,"column":4},"end":{"line":262,"column":31}},"103":{"start":{"line":263,"column":4},"end":{"line":263,"column":39}},"104":{"start":{"line":266,"column":4},"end":{"line":266,"column":65}},"105":{"start":{"line":267,"column":4},"end":{"line":267,"column":57}},"106":{"start":{"line":270,"column":4},"end":{"line":270,"column":40}},"107":{"start":{"line":271,"column":4},"end":{"line":271,"column":34}},"108":{"start":{"line":274,"column":4},"end":{"line":274,"column":30}},"109":{"start":{"line":277,"column":4},"end":{"line":277,"column":27}},"110":{"start":{"line":278,"column":4},"end":{"line":278,"column":27}},"111":{"start":{"line":282,"column":4},"end":{"line":282,"column":40}},"112":{"start":{"line":283,"column":4},"end":{"line":283,"column":40}},"113":{"start":{"line":286,"column":4},"end":{"line":286,"column":42}},"114":{"start":{"line":287,"column":4},"end":{"line":287,"column":36}},"115":{"start":{"line":288,"column":4},"end":{"line":288,"column":16}},"116":{"start":{"line":299,"column":4},"end":{"line":299,"column":34}},"117":{"start":{"line":300,"column":4},"end":{"line":306,"column":5}},"118":{"start":{"line":301,"column":6},"end":{"line":301,"column":28}},"119":{"start":{"line":302,"column":6},"end":{"line":302,"column":56}},"120":{"start":{"line":303,"column":6},"end":{"line":305,"column":7}},"121":{"start":{"line":304,"column":8},"end":{"line":304,"column":42}},"122":{"start":{"line":307,"column":4},"end":{"line":307,"column":17}},"123":{"start":{"line":322,"column":4},"end":{"line":326,"column":5}},"124":{"start":{"line":323,"column":6},"end":{"line":325,"column":10}},"125":{"start":{"line":346,"column":4},"end":{"line":349,"column":5}},"126":{"start":{"line":347,"column":6},"end":{"line":347,"column":18}},"127":{"start":{"line":348,"column":6},"end":{"line":348,"column":18}},"128":{"start":{"line":351,"column":4},"end":{"line":351,"column":22}},"129":{"start":{"line":352,"column":4},"end":{"line":352,"column":38}},"130":{"start":{"line":353,"column":4},"end":{"line":353,"column":54}},"131":{"start":{"line":355,"column":4},"end":{"line":357,"column":5}},"132":{"start":{"line":356,"column":6},"end":{"line":356,"column":42}},"133":{"start":{"line":359,"column":4},"end":{"line":359,"column":33}},"134":{"start":{"line":360,"column":4},"end":{"line":360,"column":38}},"135":{"start":{"line":361,"column":4},"end":{"line":363,"column":5}},"136":{"start":{"line":362,"column":6},"end":{"line":362,"column":34}},"137":{"start":{"line":365,"column":4},"end":{"line":368,"column":7}},"138":{"start":{"line":366,"column":6},"end":{"line":366,"column":30}},"139":{"start":{"line":366,"column":15},"end":{"line":366,"column":30}},"140":{"start":{"line":367,"column":6},"end":{"line":367,"column":21}},"141":{"start":{"line":382,"column":4},"end":{"line":384,"column":5}},"142":{"start":{"line":383,"column":6},"end":{"line":383,"column":41}},"143":{"start":{"line":385,"column":4},"end":{"line":385,"column":36}},"144":{"start":{"line":393,"column":4},"end":{"line":398,"column":6}},"145":{"start":{"line":394,"column":6},"end":{"line":397,"column":7}},"146":{"start":{"line":395,"column":8},"end":{"line":395,"column":67}},"147":{"start":{"line":396,"column":8},"end":{"line":396,"column":19}},"148":{"start":{"line":412,"column":4},"end":{"line":412,"column":22}},"149":{"start":{"line":413,"column":4},"end":{"line":413,"column":40}},"150":{"start":{"line":414,"column":4},"end":{"line":414,"column":56}},"151":{"start":{"line":415,"column":4},"end":{"line":415,"column":16}},"152":{"start":{"line":428,"column":4},"end":{"line":428,"column":22}},"153":{"start":{"line":429,"column":4},"end":{"line":429,"column":52}},"154":{"start":{"line":430,"column":4},"end":{"line":430,"column":16}},"155":{"start":{"line":442,"column":4},"end":{"line":444,"column":5}},"156":{"start":{"line":443,"column":6},"end":{"line":443,"column":18}},"157":{"start":{"line":447,"column":4},"end":{"line":447,"column":35}},"158":{"start":{"line":449,"column":4},"end":{"line":449,"column":18}},"159":{"start":{"line":450,"column":4},"end":{"line":450,"column":36}},"160":{"start":{"line":451,"column":4},"end":{"line":451,"column":36}},"161":{"start":{"line":452,"column":4},"end":{"line":452,"column":38}},"162":{"start":{"line":455,"column":4},"end":{"line":455,"column":19}},"163":{"start":{"line":456,"column":4},"end":{"line":456,"column":38}},"164":{"start":{"line":457,"column":4},"end":{"line":457,"column":34}},"165":{"start":{"line":459,"column":4},"end":{"line":467,"column":5}},"166":{"start":{"line":460,"column":6},"end":{"line":460,"column":41}},"167":{"start":{"line":461,"column":6},"end":{"line":466,"column":7}},"168":{"start":{"line":462,"column":8},"end":{"line":462,"column":29}},"169":{"start":{"line":463,"column":8},"end":{"line":465,"column":9}},"170":{"start":{"line":464,"column":10},"end":{"line":464,"column":27}},"171":{"start":{"line":470,"column":4},"end":{"line":470,"column":27}},"172":{"start":{"line":471,"column":4},"end":{"line":471,"column":27}},"173":{"start":{"line":472,"column":4},"end":{"line":472,"column":20}},"174":{"start":{"line":474,"column":4},"end":{"line":474,"column":27}},"175":{"start":{"line":474,"column":15},"end":{"line":474,"column":27}},"176":{"start":{"line":477,"column":4},"end":{"line":481,"column":5}},"177":{"start":{"line":478,"column":6},"end":{"line":478,"column":44}},"178":{"start":{"line":479,"column":6},"end":{"line":479,"column":36}},"179":{"start":{"line":480,"column":6},"end":{"line":480,"column":32}},"180":{"start":{"line":484,"column":4},"end":{"line":484,"column":65}},"181":{"start":{"line":486,"column":4},"end":{"line":486,"column":44}},"182":{"start":{"line":487,"column":4},"end":{"line":487,"column":39}},"183":{"start":{"line":488,"column":4},"end":{"line":488,"column":30}},"184":{"start":{"line":491,"column":4},"end":{"line":491,"column":36}},"185":{"start":{"line":492,"column":4},"end":{"line":492,"column":16}},"186":{"start":{"line":513,"column":4},"end":{"line":516,"column":5}},"187":{"start":{"line":514,"column":6},"end":{"line":514,"column":23}},"188":{"start":{"line":515,"column":6},"end":{"line":515,"column":18}},"189":{"start":{"line":519,"column":4},"end":{"line":519,"column":26}},"190":{"start":{"line":520,"column":4},"end":{"line":520,"column":74}},"191":{"start":{"line":522,"column":4},"end":{"line":524,"column":5}},"192":{"start":{"line":523,"column":6},"end":{"line":523,"column":50}},"193":{"start":{"line":525,"column":4},"end":{"line":527,"column":5}},"194":{"start":{"line":526,"column":6},"end":{"line":526,"column":52}},"195":{"start":{"line":529,"column":4},"end":{"line":529,"column":32}},"196":{"start":{"line":531,"column":4},"end":{"line":531,"column":35}},"197":{"start":{"line":533,"column":4},"end":{"line":533,"column":39}},"198":{"start":{"line":535,"column":4},"end":{"line":535,"column":48}},"199":{"start":{"line":538,"column":4},"end":{"line":538,"column":66}},"200":{"start":{"line":539,"column":4},"end":{"line":539,"column":48}},"201":{"start":{"line":542,"column":4},"end":{"line":542,"column":53}},"202":{"start":{"line":544,"column":4},"end":{"line":544,"column":49}},"203":{"start":{"line":545,"column":4},"end":{"line":545,"column":16}},"204":{"start":{"line":566,"column":4},"end":{"line":569,"column":5}},"205":{"start":{"line":567,"column":6},"end":{"line":567,"column":18}},"206":{"start":{"line":568,"column":6},"end":{"line":568,"column":18}},"207":{"start":{"line":573,"column":4},"end":{"line":575,"column":5}},"208":{"start":{"line":574,"column":6},"end":{"line":574,"column":29}},"209":{"start":{"line":578,"column":4},"end":{"line":580,"column":5}},"210":{"start":{"line":579,"column":6},"end":{"line":579,"column":31}},"211":{"start":{"line":582,"column":4},"end":{"line":582,"column":26}},"212":{"start":{"line":585,"column":4},"end":{"line":585,"column":31}},"213":{"start":{"line":586,"column":4},"end":{"line":586,"column":31}},"214":{"start":{"line":587,"column":4},"end":{"line":591,"column":5}},"215":{"start":{"line":588,"column":6},"end":{"line":590,"column":7}},"216":{"start":{"line":589,"column":8},"end":{"line":589,"column":32}},"217":{"start":{"line":594,"column":4},"end":{"line":594,"column":47}},"218":{"start":{"line":597,"column":4},"end":{"line":597,"column":35}},"219":{"start":{"line":600,"column":4},"end":{"line":600,"column":74}},"220":{"start":{"line":602,"column":4},"end":{"line":604,"column":5}},"221":{"start":{"line":603,"column":6},"end":{"line":603,"column":45}},"222":{"start":{"line":605,"column":4},"end":{"line":607,"column":5}},"223":{"start":{"line":606,"column":6},"end":{"line":606,"column":68}},"224":{"start":{"line":608,"column":4},"end":{"line":610,"column":5}},"225":{"start":{"line":609,"column":6},"end":{"line":609,"column":65}},"226":{"start":{"line":613,"column":4},"end":{"line":622,"column":5}},"227":{"start":{"line":614,"column":6},"end":{"line":621,"column":7}},"228":{"start":{"line":615,"column":8},"end":{"line":615,"column":47}},"229":{"start":{"line":616,"column":8},"end":{"line":616,"column":51}},"230":{"start":{"line":617,"column":8},"end":{"line":617,"column":45}},"231":{"start":{"line":619,"column":8},"end":{"line":619,"column":32}},"232":{"start":{"line":620,"column":8},"end":{"line":620,"column":34}},"233":{"start":{"line":624,"column":4},"end":{"line":624,"column":50}},"234":{"start":{"line":627,"column":4},"end":{"line":635,"column":18}},"235":{"start":{"line":628,"column":6},"end":{"line":631,"column":7}},"236":{"start":{"line":629,"column":8},"end":{"line":629,"column":32}},"237":{"start":{"line":630,"column":8},"end":{"line":630,"column":34}},"238":{"start":{"line":633,"column":6},"end":{"line":633,"column":25}},"239":{"start":{"line":634,"column":6},"end":{"line":634,"column":50}},"240":{"start":{"line":649,"column":4},"end":{"line":649,"column":52}},"241":{"start":{"line":650,"column":4},"end":{"line":650,"column":53}},"242":{"start":{"line":652,"column":4},"end":{"line":667,"column":22}},"243":{"start":{"line":653,"column":6},"end":{"line":653,"column":40}},"244":{"start":{"line":655,"column":6},"end":{"line":665,"column":15}},"245":{"start":{"line":657,"column":8},"end":{"line":657,"column":49}},"246":{"start":{"line":659,"column":8},"end":{"line":659,"column":41}},"247":{"start":{"line":659,"column":34},"end":{"line":659,"column":41}},"248":{"start":{"line":660,"column":8},"end":{"line":662,"column":9}},"249":{"start":{"line":661,"column":10},"end":{"line":661,"column":28}},"250":{"start":{"line":663,"column":8},"end":{"line":663,"column":36}},"251":{"start":{"line":664,"column":8},"end":{"line":664,"column":38}},"252":{"start":{"line":666,"column":6},"end":{"line":666,"column":17}},"253":{"start":{"line":682,"column":4},"end":{"line":682,"column":17}},"254":{"start":{"line":683,"column":4},"end":{"line":683,"column":25}},"255":{"start":{"line":684,"column":4},"end":{"line":684,"column":37}},"256":{"start":{"line":685,"column":4},"end":{"line":685,"column":31}},"257":{"start":{"line":686,"column":4},"end":{"line":686,"column":33}},"258":{"start":{"line":687,"column":4},"end":{"line":687,"column":28}},"259":{"start":{"line":688,"column":4},"end":{"line":688,"column":15}},"260":{"start":{"line":696,"column":4},"end":{"line":696,"column":21}},"261":{"start":{"line":697,"column":4},"end":{"line":697,"column":47}},"262":{"start":{"line":698,"column":4},"end":{"line":698,"column":46}},"263":{"start":{"line":700,"column":4},"end":{"line":700,"column":60}},"264":{"start":{"line":700,"column":17},"end":{"line":700,"column":60}},"265":{"start":{"line":701,"column":4},"end":{"line":701,"column":41}},"266":{"start":{"line":704,"column":4},"end":{"line":704,"column":21}},"267":{"start":{"line":705,"column":4},"end":{"line":705,"column":60}},"268":{"start":{"line":706,"column":4},"end":{"line":706,"column":36}},"269":{"start":{"line":707,"column":4},"end":{"line":707,"column":32}},"270":{"start":{"line":708,"column":4},"end":{"line":708,"column":23}},"271":{"start":{"line":711,"column":4},"end":{"line":711,"column":53}},"272":{"start":{"line":721,"column":4},"end":{"line":721,"column":27}},"273":{"start":{"line":729,"column":4},"end":{"line":729,"column":22}},"274":{"start":{"line":730,"column":4},"end":{"line":730,"column":32}},"275":{"start":{"line":731,"column":4},"end":{"line":738,"column":18}},"276":{"start":{"line":732,"column":6},"end":{"line":737,"column":20}},"277":{"start":{"line":733,"column":8},"end":{"line":733,"column":44}},"278":{"start":{"line":734,"column":8},"end":{"line":734,"column":47}},"279":{"start":{"line":735,"column":8},"end":{"line":735,"column":41}},"280":{"start":{"line":736,"column":8},"end":{"line":736,"column":20}},"281":{"start":{"line":746,"column":4},"end":{"line":746,"column":81}},"282":{"start":{"line":754,"column":4},"end":{"line":754,"column":34}},"283":{"start":{"line":766,"column":4},"end":{"line":766,"column":39}},"284":{"start":{"line":767,"column":4},"end":{"line":767,"column":16}},"285":{"start":{"line":775,"column":4},"end":{"line":775,"column":34}},"286":{"start":{"line":776,"column":4},"end":{"line":776,"column":16}},"287":{"start":{"line":794,"column":0},"end":{"line":797,"column":2}},"288":{"start":{"line":795,"column":2},"end":{"line":795,"column":32}},"289":{"start":{"line":796,"column":2},"end":{"line":796,"column":30}},"290":{"start":{"line":803,"column":0},"end":{"line":803,"column":26}}},"branchMap":{"1":{"line":48,"type":"if","locations":[{"start":{"line":48,"column":2},"end":{"line":48,"column":2}},{"start":{"line":48,"column":2},"end":{"line":48,"column":2}}]},"2":{"line":134,"type":"if","locations":[{"start":{"line":134,"column":6},"end":{"line":134,"column":6}},{"start":{"line":134,"column":6},"end":{"line":134,"column":6}}]},"3":{"line":160,"type":"if","locations":[{"start":{"line":160,"column":4},"end":{"line":160,"column":4}},{"start":{"line":160,"column":4},"end":{"line":160,"column":4}}]},"4":{"line":161,"type":"if","locations":[{"start":{"line":161,"column":6},"end":{"line":161,"column":6}},{"start":{"line":161,"column":6},"end":{"line":161,"column":6}}]},"5":{"line":162,"type":"if","locations":[{"start":{"line":162,"column":8},"end":{"line":162,"column":8}},{"start":{"line":162,"column":8},"end":{"line":162,"column":8}}]},"6":{"line":165,"type":"if","locations":[{"start":{"line":165,"column":8},"end":{"line":165,"column":8}},{"start":{"line":165,"column":8},"end":{"line":165,"column":8}}]},"7":{"line":173,"type":"if","locations":[{"start":{"line":173,"column":4},"end":{"line":173,"column":4}},{"start":{"line":173,"column":4},"end":{"line":173,"column":4}}]},"8":{"line":191,"type":"if","locations":[{"start":{"line":191,"column":4},"end":{"line":191,"column":4}},{"start":{"line":191,"column":4},"end":{"line":191,"column":4}}]},"9":{"line":238,"type":"if","locations":[{"start":{"line":238,"column":4},"end":{"line":238,"column":4}},{"start":{"line":238,"column":4},"end":{"line":238,"column":4}}]},"10":{"line":238,"type":"binary-expr","locations":[{"start":{"line":238,"column":8},"end":{"line":238,"column":45}},{"start":{"line":238,"column":49},"end":{"line":238,"column":71}}]},"11":{"line":248,"type":"if","locations":[{"start":{"line":248,"column":4},"end":{"line":248,"column":4}},{"start":{"line":248,"column":4},"end":{"line":248,"column":4}}]},"12":{"line":267,"type":"binary-expr","locations":[{"start":{"line":267,"column":25},"end":{"line":267,"column":43}},{"start":{"line":267,"column":47},"end":{"line":267,"column":56}}]},"13":
[...]
,"12":[0,0],"13":[0,0],"14":[0,0],"15":[0,0],"16":[0,0],"17":[0,0],"18":[0,0],"19":[0,0],"20":[0,0],"21":[0,0],"22":[0,0],"23":[0,0],"24":[0,0],"25":[0,0],"26":[0,0]},"f":{"1":0,"2":0,"3":0,"4":0,"5":0,"6":0,"7":0,"8":0,"9":0,"10":0,"11":0,"12":0},"fnMap":{"1":{"name":"Views","line":32,"loc":{"start":{"line":32,"column":0},"end":{"line":32,"column":24}}},"2":{"name":"(anonymous_2)","line":61,"loc":{"start":{"line":61,"column":7},"end":{"line":61,"column":27}}},"3":{"name":"(anonymous_3)","line":79,"loc":{"start":{"line":79,"column":11},"end":{"line":79,"column":31}}},"4":{"name":"(anonymous_4)","line":96,"loc":{"start":{"line":96,"column":12},"end":{"line":96,"column":29}}},"5":{"name":"(anonymous_5)","line":105,"loc":{"start":{"line":105,"column":7},"end":{"line":105,"column":22}}},"6":{"name":"(anonymous_6)","line":130,"loc":{"start":{"line":130,"column":8},"end":{"line":130,"column":36}}},"7":{"name":"find","line":132,"loc":{"start":{"line":132,"column":4},"end":{"line":132,"column":20}}},"8":{"name":"(anonymous_8)","line":155,"loc":{"start":{"line":155,"column":11},"end":{"line":155,"column":39}}},"9":{"name":"(anonymous_9)","line":172,"loc":{"start":{"line":172,"column":10},"end":{"line":172,"column":42}}},"10":{"name":"(anonymous_10)","line":192,"loc":{"start":{"line":192,"column":10},"end":{"line":192,"column":44}}},"11":{"name":"(anonymous_11)","line":238,"loc":{"start":{"line":238,"column":12},"end":{"line":238,"column":23}}},"12":{"name":"(anonymous_12)","line":261,"loc":{"start":{"line":261,"column":15},"end":{"line":261,"column":31}}}},"statementMap":{"1":{"start":{"line":3,"column":0},"end":{"line":3,"column":27}},"2":{"start":{"line":4,"column":0},"end":{"line":4,"column":27}},"3":{"start":{"line":5,"column":0},"end":{"line":5,"column":42}},"4":{"start":{"line":11,"column":0},"end":{"line":11,"column":33}},"5":{"start":{"line":12,"column":0},"end":{"line":12,"column":28}},"6":{"start":{"line":13,"column":0},"end":{"line":13,"column":26}},"7":{"start":{"line":14,"column":0},"end":{"line":14,"column":26}},"8":{"start":{"line":15,"column":0},"end":{"line":15,"column":25}},"9":{"start":{"line":16,"column":0},"end":{"line":16,"column":25}},"10":{"start":{"line":17,"column":0},"end":{"line":17,"column":25}},"11":{"start":{"line":23,"column":0},"end":{"line":23,"column":41}},"12":{"start":{"line":24,"column":0},"end":{"line":24,"column":31}},"13":{"start":{"line":32,"column":0},"end":{"line":37,"column":1}},"14":{"start":{"line":33,"column":2},"end":{"line":33,"column":33}},"15":{"start":{"line":34,"column":2},"end":{"line":34,"column":60}},"16":{"start":{"line":35,"column":2},"end":{"line":35,"column":62}},"17":{"start":{"line":36,"column":2},"end":{"line":36,"column":33}},"18":{"start":{"line":43,"column":0},"end":{"line":43,"column":25}},"19":{"start":{"line":49,"column":0},"end":{"line":245,"column":3}},"20":{"start":{"line":62,"column":4},"end":{"line":65,"column":5}},"21":{"start":{"line":63,"column":6},"end":{"line":63,"column":31}},"22":{"start":{"line":64,"column":6},"end":{"line":64,"column":18}},"23":{"start":{"line":66,"column":4},"end":{"line":66,"column":27}},"24":{"start":{"line":67,"column":4},"end":{"line":67,"column":16}},"25":{"start":{"line":80,"column":4},"end":{"line":80,"column":40}},"26":{"start":{"line":81,"column":4},"end":{"line":81,"column":32}},"27":{"start":{"line":82,"column":4},"end":{"line":82,"column":31}},"28":{"start":{"line":83,"column":4},"end":{"line":83,"column":40}},"29":{"start":{"line":84,"column":4},"end":{"line":84,"column":57}},"30":{"start":{"line":85,"column":4},"end":{"line":85,"column":16}},"31":{"start":{"line":97,"column":4},"end":{"line":97,"column":33}},"32":{"start":{"line":98,"column":4},"end":{"line":98,"column":16}},"33":{"start":{"line":106,"column":4},"end":{"line":106,"column":25}},"34":{"start":{"line":107,"column":4},"end":{"line":112,"column":5}},"35":{"start":{"line":108,"column":6},"end":{"line":108,"column":38}},"36":{"start":{"line":109,"column":6},"end":{"line":111,"column":7}},"37":{"start":{"line":110,"column":8},"end":{"line":110,"column":25}},"38":{"start":{"line":113,"column":4},"end":{"line":115,"column":5}},"39":{"start":{"line":114,"column":6},"end":{"line":114,"column":33}},"40":{"start":{"line":116,"column":4},"end":{"line":118,"column":5}},"41":{"start":{"line":117,"column":6},"end":{"line":117,"column":28}},"42":{"start":{"line":119,"column":4},"end":{"line":119,"column":15}},"43":{"start":{"line":131,"column":4},"end":{"line":131,"column":20}},"44":{"start":{"line":132,"column":4},"end":{"line":140,"column":5}},"45":{"start":{"line":133,"column":6},"end":{"line":133,"column":54}},"46":{"start":{"line":134,"column":6},"end":{"line":139,"column":7}},"47":{"start":{"line":135,"column":8},"end":{"line":135,"column":28}},"48":{"start":{"line":136,"column":8},"end":{"line":138,"column":9}},"49":{"start":{"line":137,"column":10},"end":{"line":137,"column":21}},"50":{"start":{"line":141,"column":4},"end":{"line":141,"column":48}},"51":{"start":{"line":142,"column":4},"end":{"line":142,"column":25}},"52":{"start":{"line":143,"column":4},"end":{"line":143,"column":15}},"53":{"start":{"line":156,"column":4},"end":{"line":156,"column":43}},"54":{"start":{"line":157,"column":4},"end":{"line":157,"column":23}},"55":{"start":{"line":158,"column":4},"end":{"line":158,"column":52}},"56":{"start":{"line":158,"column":34},"end":{"line":158,"column":52}},"57":{"start":{"line":159,"column":4},"end":{"line":159,"column":48}},"58":{"start":{"line":160,"column":4},"end":{"line":160,"column":16}},"59":{"start":{"line":173,"column":4},"end":{"line":173,"column":43}},"60":{"start":{"line":174,"column":4},"end":{"line":174,"column":23}},"61":{"start":{"line":175,"column":4},"end":{"line":175,"column":52}},"62":{"start":{"line":175,"column":34},"end":{"line":175,"column":52}},"63":{"start":{"line":177,"column":4},"end":{"line":177,"column":47}},"64":{"start":{"line":178,"column":4},"end":{"line":178,"column":16}},"65":{"start":{"line":193,"column":4},"end":{"line":193,"column":28}},"66":{"start":{"line":194,"column":4},"end":{"line":194,"column":27}},"67":{"start":{"line":195,"column":4},"end":{"line":195,"column":34}},"68":{"start":{"line":197,"column":4},"end":{"line":197,"column":69}},"69":{"start":{"line":198,"column":4},"end":{"line":226,"column":5}},"70":{"start":{"line":199,"column":7},"end":{"line":225,"column":7}},"71":{"start":{"line":200,"column":8},"end":{"line":200,"column":30}},"72":{"start":{"line":201,"column":8},"end":{"line":224,"column":9}},"73":{"start":{"line":202,"column":10},"end":{"line":208,"column":11}},"74":{"start":{"line":203,"column":12},"end":{"line":205,"column":13}},"75":{"start":{"line":204,"column":14},"end":{"line":204,"column":30}},"76":{"start":{"line":207,"column":12},"end":{"line":207,"column":28}},"77":{"start":{"line":210,"column":10},"end":{"line":210,"column":41}},"78":{"start":{"line":211,"column":10},"end":{"line":213,"column":11}},"79":{"start":{"line":212,"column":12},"end":{"line":212,"column":52}},"80":{"start":{"line":215,"column":10},"end":{"line":223,"column":11}},"81":{"start":{"line":216,"column":12},"end":{"line":222,"column":13}},"82":{"start":{"line":217,"column":14},"end":{"line":219,"column":15}},"83":{"start":{"line":218,"column":16},"end":{"line":218,"column":32}},"84":{"start":{"line":221,"column":14},"end":{"line":221,"column":30}},"85":{"start":{"line":227,"column":4},"end":{"line":227,"column":15}},"86":{"start":{"line":239,"column":4},"end":{"line":239,"column":72}},"87":{"start":{"line":240,"column":4},"end":{"line":242,"column":5}},"88":{"start":{"line":241,"column":6},"end":{"line":241,"column":47}},"89":{"start":{"line":243,"column":4},"end":{"line":243,"column":33}},"90":{"start":{"line":261,"column":0},"end":{"line":264,"column":2}},"91":{"start":{"line":262,"column":2},"end":{"line":262,"column":29}},"92":{"start":{"line":263,"column":2},"end":{"line":263,"column":27}},"93":{"start":{"line":270,"column":0},"end":{"line":270,"column":23}}},"branchMap":{"1":{"line":34,"type":"binary-expr","locations":[{"start":{"line":34,"column":28},"end":{"line":34,"column":51}},{"start":{"line":34,"column":55},"end":{"line":34,"column":59}}]},"2":{"line":35,"type":"binary-expr","locations":[{"start":{"line":35,"column":22},"end":{"line":35,"column":39}},{"start":{"line":35,"column":43},"end":{"line":35,"column":60}}]},"3":{"line":62,"type":"if","locations":[{"start":{"line":62,"column":4},"end":{"line":62,"column":4}},{"start":{"line":62,"column":4},"end":{"line":62,"column":4}}]},"4":{"line":82,"type":"binary-expr","locations":[{"start":{"line":82,"column":15},"end":{"line":82,"column":23}},{"start":{"line":82,"column":27},"end":{"line":82,"column":30}}]},"5":{"line":107,"type":"if","locations":[{"start":{"line":107,"column":4},"end":{"line":107,"column":4}},{"start":{"line":107,"column":4},"end":{"line":107,"column":4}}]},"6":{"line":109,"type":"if","locations":[{"start":{"line":109,"column":6},"end":{"line":109,"column":6}},{"start":{"line":109,"column":6},"end":{"line":109,"column":6}}]},"7":{"line":109,"type":"binary-expr","locations":[{"start":{"line":109,"column":10},"end":{"line":109,"column":14}},{"start":{"line":109,"column":18},"end":{"line":109,"column":31}}]},"8":{"line":113,"type":"if","locations":[{"start":{"line":113,"column":4},"end":{"line":113,"column":4}},{"start":{"line":113,"column":4},"end":{"line":113,"column":4}}]},"9":{"line":116,"type":"if","locations":[{"start":{"line":116,"column":4},"end":{"line":116,"column":4}},{"start":{"line":116,"column":4},"end":{"line":116,"column":4}}]},"10":{"line":136,"type":"if","locations":[{"start":{"line":136,"column":8},"end":{"line":136,"column":8}},{"start":{"line":136,"column":8},"end":{"line":136,"column":8}}]},"11":{"line":136,"type":"binary-expr","locations":[{"start":{"line":136,"column":12},"end":{"line":136,"column":35}},{"start":{"line":136,"column":39},"end":{"line":136,"column":51}}]},"12":{"line":158,"type":"if","locations":[{"start":{"line":158,"column":4},"end":{"line":158,"column":4}},{"start":{"line":158,"column":4},"end":{"line":158,"column":4}}]},"13":{"line":175,"type":"if","locations":[{"start":{"line":175,"column":4},"end":{"line":175,"column":4}},{"start":{"line":175,"column":4},"end":{"line":175,"column":4}}]},"14":{"line":193,"type":"binary-expr","locations":[{"start":{"line":193,"column":14},"end":{"line":193,"column":21}},{"start":{"line":193,"column":25},"end":{"line":193,"column":27}}]},"15":{"line":197,"type":"cond-expr","locations":[{"start":{"line":197,"column":28},"end":{"line":197,"column":61}},{"start":{"line":197,"column":64},"end":{"line":197,"column":68}}]},"16":{"line":199,"type":"if","locations":[{"start":{"line":199,"column":7},"end":{"line":199,"column":7}},{"start":{"line":199,"column":7},"end":{"line":199,"column":7}}]},"17":{"line":201,"type":"if","locations":[{"start":{"line":201,"column":8},"end":{"line":201,"column":8}},{"start":{"line":201,"column":8},"end":{"line":201,"column":8}}]},"18":{"line":202,"type":"if","locations":[{"start":{"line":202,"column":10},"end":{"line":202,"column":10}},{"start":{"line":202,"column":10},"end":{"line":202,"column":10}}]},"19":{"line":203,"type":"if","locations":[{"start":{"line":203,"column":12},"end":{"line":203,"column":12}},{"start":{"line":203,"column":12},"end":{"line":203,"column":12}}]},"20":{"line":211,"type":"if","locations":[{"start":{"line":211,"column":10},"end":{"line":211,"column":10}},{"start":{"line":211,"column":10},"end":{"line":211,"column":10}}]},"21":{"line":211,"type":"binary-expr","locations":[{"start":{"line":211,"column":14},"end":{"line":211,"column":29}},{"start":{"line":211,"column":33},"end":{"line":211,"column":47}}]},"22":{"line":215,"type":"if","locations":[{"start":{"line":215,"column":10},"end":{"line":215,"column":10}},{"start":{"line":215,"column":10},"end":{"line":215,"column":10}}]},"23":{"line":216,"type":"if","locations":[{"start":{"line":216,"column":12},"end":{"line":216,"column":12}},{"start":{"line":216,"column":12},"end":{"line":216,"column":12}}]},"24":{"line":217,"type":"if","locations":[{"start":{"line":217,"column":14},"end":{"line":217,"column":14}},{"start":{"line":217,"column":14},"end":{"line":217,"column":14}}]},"25":{"line":239,"type":"binary-expr","locations":[{"start":{"line":239,"column":43},"end":{"line":239,"column":64}},{"start":{"line":239,"column":68},"end":{"line":239,"column":70}}]},"26":{"line":240,"type":"if","locations":[{"start":{"line":240,"column":4},"end":{"line":240,"column":4}},{"start":{"line":240,"column":4},"end":{"line":240,"column":4}}]}},"code":["'use strict';","","var path = require('path');","var util = require('util');","var lazy = require('lazy-cache')(require);","","/**"," * Lazily required module dependencies"," */","","lazy('extend-shallow', 'extend');","lazy('clone-deep', 'clone');","lazy('kind-of', 'typeOf');","lazy('has-values', 'has');","lazy('set-value', 'set');","lazy('get-value', 'get');","lazy('micromatch', 'mm');","","/**"," * Local dependencies"," */","","var Collection = require('./collection');","var utils = require('./utils');","","/**"," * Create an instance of `Views`."," *"," * @api public"," */","","function Views(options) {","  Collection.call(this, options);","  this.options.collection = this.options.collection || this;","  this.define('View', this.options.View || require('./view'));","  this.define('Item', this.View);","}","","/**"," * Inherit `Collection`"," */","","Collection.extend(Views);","","/**"," * `Views` prototype methods"," */","","utils.delegate(Views.prototype, {","  constructor: Views,","","  /**","   * Set a value on the collection instance.","   *","   * @param {String} `key`","   * @param {Object} `val` The view object","   * @param {Object} Returns the instance of `Views` for chaining.","   * @api public","   */","","  set: function (key, val) {","    if (lazy.typeOf(val) !== 'object') {","      lazy.set(this, key, val);","      return this;","    }","    this.addView(key, val);","    return this;","  },","","  /**","   * Add a view to the current collection.","   *","   * @param {String} `key`","   * @param {Object} `val` The view object","   * @param {Object} Returns the instance of `Views` for chaining.","   * @api public","   */","","  addView: function (key, val) {","    var opts = lazy.clone(this.options);","    var View = this.get('View');","    val.path = val.path || key;","    key = val.key = this.renameKey(key);","    this.setItem(key, (this[key] = new View(val, opts)));","    return this;","  },","","  /**","   * Add multiple views to the collection.","   *","   * @param {Object} `views`","   * @param {Object} Returns the instance of `Views` for chaining.","   * @api public","   */","","  addViews: function (views) {","    this.visit('addView', views);","    return this;","  },","","  /**","   * Get a view.","   */","","  get: function(prop) {","    var res = this[prop];","    if (typeof res === 'undefined') {","      var name = this.renameKey(prop);","      if (name && name !== prop) {","        res = this[name];","      }","    }","    if (typeof res === 'undefined') {","      res = lazy.get(this, prop);","    }","    if (typeof res === 'undefined') {","      res = this.find(prop);","    }","    return res;","  },","","  /**","   * Find a view by `key` or glob pattern.","   *","   * @param  {String} `pattern` Key or glob pattern.","   * @param  {Object} `options` Options for [micromatch]","   * @return {Object} Matching view.","   */","","  find: function (pattern, options) {","    var self = this;","    function find() {","      var isMatch = lazy.mm.matcher(pattern, options);","      for (var key in self) {","        var val = self[key];","        if (typeof val === 'object' && isMatch(key)) {","          return val;","        }","      }","    }","    var res = this.fragmentCache(pattern, find);","    res.__proto__ = this;","    return res;","  },","","  /**","   * Compile a view in the collection.","   *","   * @param  {String|Object} `view` View key or object.","   * @param  {Object} `locals`","   * @param  {Function} `fn`","   * @return {Function}","   */","","  compile: function (view/*, locals*/) {","    var args = [].slice.call(arguments, 1);","    var app = this.app;","    if (typeof view === 'string') view = this[view];","    app.compile.apply(app, [view].concat(args));","    return this;","  },","","  /**","   * Render a view in the collection.","   *","   * @param  {String|Object} `view` View key or object.","   * @param  {Object} `locals`","   * @param  {Function} `fn`","   * @return {Object}","   */","","  render: function (view/*, locals, fn*/) {","    var args = [].slice.call(arguments, 1);","    var app = this.app;","    if (typeof view === 'string') view = this[view];","","    app.render.apply(app, [view].concat(args));","    return this;","  },","","  /**","   * Filter views by the given `prop`, using the specified `pattern` and `options.","   *","   * @param  {String} `prop` The property to sort by.","   * @param  {String|Object|Array|Function} `pattern` Function, glob patterns, object, array, or string pattern to use for pre-filtering views.","   * @param  {Object} `options`","   * @option  {Object} `limit` [options]","   * @option  {Object} `limit` [options]","   * @return {Object}","   */","","  filter: function (prop, pattern, options) {","    options = options || {};","    var views = this.items;","    var res = Object.create(this);","","    var matcher = pattern ? lazy.mm.isMatch(pattern, options) : null;","    for (var key in views) {","       if (views.hasOwnProperty(key)) {","        var file = views[key];","        if (prop === 'key') {","          if (matcher) {","            if (matcher(path.relative(process.cwd(), key))) {","              res[key] = file;","            }","          } else {","            res[key] = file;","          }","        } else {","          var val = lazy.get(file, prop);","          if (prop === 'path' || prop === 'cwd') {","            val = path.relative(process.cwd(), val);","          }","","          if (lazy.has(val)) {","            if (matcher) {","              if (matcher(val)) {","                res[key] = file;","              }","            } else {","              res[key] = file;","            }","          }","        }","      }","    }","    return res;","  },","","  /**","   * Set view types for the collection.","   *","   * @param {String} `plural` e.g. `pages`","   * @param {Object} `options`","   * @api private","   */","","  viewType: function() {","    this.options.viewType = utils.arrayify(this.options.viewType || []);","    if (this.options.viewType.length === 0) {","      this.options.viewType.push('renderable');","    }","    return this.options.viewType;","  }","});","","/**"," * Expose `extend`, to allow other classes to inherit"," * from the `Views` class."," *"," * ```js"," * function MyViews(options) {...}"," * Views.extend(MyViews);"," * ```"," *"," * @param  {Object} `Ctor` Constructor function to extend with `Views`"," * @return {undefined}"," * @api public"," */","","Views.extend = function (Ctor) {","  util.inherits(Ctor, Views);","  lazy.extend(Ctor, Views);","};","","/**"," * Expose `Views`"," */","","module.exports = Views;",""],"l":{"3":1,"4":1,"5":1,"11":1,"12":1,"13":1,"14":1,"15":1,"16":1,"17":1,"23":1,"24":1,"32":1,"33":0,"34":0,"35":0,"36":0,"43":1,"49":1,"62":0,"63":0,"64":0,"66":0,"67":0,"80":0,"81":0,"82":0,"83":0,"84":0,"85":0,"97":0,"98":0,"106":0,"107":0,"108":0,"109":0,"110":0,"113":0,"114":0,"116":0,"117":0,"119":0,"131":0,"132":1,"133":0,"134":0,"135":0,"136":0,"137":0,"141":0,"142":0,"143":0,"156":0,"157":0,"158":0,"159":0,"160":0,"173":0,"174":0,"175":0,"177":0,"178":0,"193":0,"194":0,"195":0,"197":0,"198":0,"199":0,"200":0,"201":0,"202":0,"203":0,"204":0,"207":0,"210":0,"211":0,"212":0,"215":0,"216":0,"217":0,"218":0,"221":0,"227":0,"239":0,"240":0,"241":0,"243":0,"261":1,"262":0,"263":0,"270":1}}}